<?xml version="1.0" encoding="ISO-8859-1"?>
<category name="NODE CONFIGURATION">
  <subcategory name="Antenna Properties" help="Properties related with the Antenna Model">
        <variable name="Antenna Model Name" key="ANTENNA-MODEL-NAME" type="Text" default="" disable="true" help="Antenna file Name" />
              <variable name="Antenna Gain (dB)" key="ANTENNA-GAIN" type="Fixed" default="0.0" help="antenna gain in dB" />
              <variable name="Antenna Height (meters)" key="ANTENNA-HEIGHT" type="Fixed" default="1.5" help="antenna height in meters" />
              <variable name="Antenna Efficiency" key="ANTENNA-EFFICIENCY" type="Fixed" default="0.8" help="efficiency of the antenna" />
              <variable name="Antenna Mismatch Loss (dB)" key="ANTENNA-MISMATCH-LOSS" type="Fixed" default="0.3" help="antenna mismatch loss in dB" />
              <variable name="Antenna Cable Loss (dB)" key="ANTENNA-CABLE-LOSS" type="Fixed" default="0.0" help="antenna cable loss in dB" />
              <variable name="Antenna Connection Loss (dB)" key="ANTENNA-CONNECTION-LOSS" type="Fixed" default="0.2" help="antenna connection loss in dB" />
              <variable name="Antenna Model Type" key="ANTENNA-MODEL-TYPE" type="Selection" default="OMNIDIRECTIONAL">
                  <option value="OMNIDIRECTIONAL" name="Omnidirectional" >
                  </option>
                  <option value="SWITCHED-BEAM" name="Switched Beam" addon="wireless">
					  <variable name="Antenna Pattern Type" key="ANTENNA-PATTERN-TYPE" type="Selection" default="TRADITIONAL" >
						  <option value="TRADITIONAL" name="Traditional" >
                                <variable key="ANTENNA-AZIMUTH-PATTERN-FILE" type="File" name="Antenna Azimuth Pattern File" default="[Required]" filetype="antenna-azimuth" />
                                <variable key="ANTENNA-ELEVATION-PATTERN-FILE" type="File" name="Antenna Elevation Pattern File" default="[Optional]" optional="true" filetype="antenna-elevation" />
						  </option>
						  <option value="ASCII2D" name="Ascii2d" >
					                  <variable name="Antenna Pattern Num Patterns" key="ANTENNA-PATTERN-NUM-PATTERNS" type="Fixed" default="1" min="1"/>
					                  <variable name="Antenna Pattern Conversion Parameter" key="ANTENNA-PATTERN-CONVERSION-PARAMETER" type="Fixed" default="25" />			 
                                <variable key="ANTENNA-AZIMUTH-PATTERN-FILE" type="File" name="Antenna Azimuth Pattern File" default="[Required]" filetype="antenna-azimuth,asciiazimuth" />
                                <variable key="ANTENNA-ELEVATION-PATTERN-FILE" type="File" name="Antenna Elevation Pattern File" default="[Optional]" optional="true" filetype="antenna-elevation" />
							  <variable name="Antenna Pattern Azimuth Resolution" key="ANTENNA-PATTERN-AZIMUTH-RESOLUTION" type="Fixed" default="360" min="1" max="360"  />
							  <variable name="Antenna Pattern Elevation Resolution" key="ANTENNA-PATTERN-ELEVATION-RESOLUTION" type="Fixed" default="180" min="1" max="180" />      
						  </option>
						  <option value="ASCII3D" name="Ascii3d" >
					                  <variable name="Antenna Pattern Num Patterns" key="ANTENNA-PATTERN-NUM-PATTERNS" type="Fixed" default="1" min="1"/>
					                  <variable name="Antenna Pattern Conversion Parameter" key="ANTENNA-PATTERN-CONVERSION-PARAMETER" type="Fixed" default="25" />			 
                                <variable name="Antenna Pattern Pattern File " key="ANTENNA-PATTERN-PATTERN-FILE" type="File" default="[Required]" filetype="*ascii3d" />
							  <variable name="Antenna Pattern Azimuth Resolution" key="ANTENNA-PATTERN-AZIMUTH-RESOLUTION" type="Fixed" default="360" min="1" max="360"  />
							  <variable name="Antenna Pattern Elevation Resolution" key="ANTENNA-PATTERN-ELEVATION-RESOLUTION" type="Fixed" default="180" min="1" max="180" />      
						  </option>
						  <option value="NSMA" name="Nsma" >
					                  <variable name="Antenna Pattern Num Patterns" key="ANTENNA-PATTERN-NUM-PATTERNS" type="Fixed" default="1" min="1"/>
					                  <variable name="Antenna Pattern Conversion Parameter" key="ANTENNA-PATTERN-CONVERSION-PARAMETER" type="Fixed" default="25" />			 
                                <variable name="Antenna Pattern Pattern File " key="ANTENNA-PATTERN-PATTERN-FILE" type="File" default="[Required]" filetype="nsm,nsma" />
							  <variable name="Antenna Pattern Azimuth Resolution" key="ANTENNA-PATTERN-AZIMUTH-RESOLUTION" type="Fixed" default="360" min="1" max="360"  />
							  <variable name="Antenna Pattern Elevation Resolution" key="ANTENNA-PATTERN-ELEVATION-RESOLUTION" type="Fixed" default="180" min="1" max="180" />      
						  </option>
					  </variable>
                  </option>
                  <option value="STEERABLE" name="Steerable" addon="wireless">
                <variable name="Antenna Pattern Steerable Set Repeat Angle" key="ANTENNA-PATTERN-STEERABLE-SET-REPEAT-ANGLE" type="Fixed" default="360" min="1" max="360"/>
					  <variable name="Antenna Pattern Type" key="ANTENNA-PATTERN-TYPE" type="Selection" default="TRADITIONAL" >
						  <option value="TRADITIONAL" name="Traditional" >
                                <variable key="ANTENNA-AZIMUTH-PATTERN-FILE" type="File" name="Antenna Azimuth Pattern File" default="[Required]" filetype="antenna-azimuth" />
                                <variable key="ANTENNA-ELEVATION-PATTERN-FILE" type="File" name="Antenna Elevation Pattern File" default="[Optional]" optional="true" filetype="antenna-elevation" />
						  </option>
						  <option value="ASCII2D" name="Ascii2d" >
					                  <variable name="Antenna Pattern Num Patterns" key="ANTENNA-PATTERN-NUM-PATTERNS" type="Fixed" default="1" min="1"/>
					                  <variable name="Antenna Pattern Conversion Parameter" key="ANTENNA-PATTERN-CONVERSION-PARAMETER" type="Fixed" default="25" />			 
                                <variable key="ANTENNA-AZIMUTH-PATTERN-FILE" type="File" name="Antenna Azimuth Pattern File" default="[Required]" filetype="antenna-azimuth,asciiazimuth" />
                                <variable key="ANTENNA-ELEVATION-PATTERN-FILE" type="File" name="Antenna Elevation Pattern File" default="[Optional]" optional="true" filetype="antenna-elevation" />
							  <variable name="Antenna Pattern Azimuth Resolution" key="ANTENNA-PATTERN-AZIMUTH-RESOLUTION" type="Fixed" default="360" min="1" max="360"  />
							  <variable name="Antenna Pattern Elevation Resolution" key="ANTENNA-PATTERN-ELEVATION-RESOLUTION" type="Fixed" default="180" min="1" max="180" />      
						  </option>
						  <option value="ASCII3D" name="Ascii3d" >
					                  <variable name="Antenna Pattern Num Patterns" key="ANTENNA-PATTERN-NUM-PATTERNS" type="Fixed" default="1" min="1"/>
                                <variable name="Antenna Pattern Pattern File " key="ANTENNA-PATTERN-PATTERN-FILE" type="File" default="[Required]" filetype="*ascii3d" />
					                  <variable name="Antenna Pattern Conversion Parameter" key="ANTENNA-PATTERN-CONVERSION-PARAMETER" type="Fixed" default="25" />			 
							  <variable name="Antenna Pattern Azimuth Resolution" key="ANTENNA-PATTERN-AZIMUTH-RESOLUTION" type="Fixed" default="360" min="1" max="360"  />
							  <variable name="Antenna Pattern Elevation Resolution" key="ANTENNA-PATTERN-ELEVATION-RESOLUTION" type="Fixed" default="180" min="1" max="180" />      
						  </option>
						  <option value="NSMA" name="Nsma" >
					                  <variable name="Antenna Pattern Num Patterns" key="ANTENNA-PATTERN-NUM-PATTERNS" type="Fixed" default="1" min="1"/>
                                <variable name="Antenna Pattern Pattern File " key="ANTENNA-PATTERN-PATTERN-FILE" type="File" default="[Required]" filetype="nsm,nsma" />
					                  <variable name="Antenna Pattern Conversion Parameter" key="ANTENNA-PATTERN-CONVERSION-PARAMETER" type="Fixed" default="25" />			 
							  <variable name="Antenna Pattern Azimuth Resolution" key="ANTENNA-PATTERN-AZIMUTH-RESOLUTION" type="Fixed" default="360" min="1" max="360"  />
							  <variable name="Antenna Pattern Elevation Resolution" key="ANTENNA-PATTERN-ELEVATION-RESOLUTION" type="Fixed" default="180" min="1" max="180" />      
						  </option>
					  </variable>
                  </option>
                  <option value="PATTERNED" name="Patterned">
					  <variable name="Antenna Pattern Type" key="ANTENNA-PATTERN-TYPE" type="Selection" default="TRADITIONAL" >
						  <option value="TRADITIONAL" name="Traditional" >
                                <variable key="ANTENNA-AZIMUTH-PATTERN-FILE" type="File" name="Antenna Azimuth Pattern File" default="[Required]" filetype="antenna-azimuth" />
                                <variable key="ANTENNA-ELEVATION-PATTERN-FILE" type="File" name="Antenna Elevation Pattern File" default="[Optional]" optional="true" filetype="antenna-elevation" />
						  </option>
						  <option value="ASCII2D" name="Ascii2d" >
					                  <variable name="Antenna Pattern Num Patterns" key="ANTENNA-PATTERN-NUM-PATTERNS" type="Fixed" default="1" min="1"/>
                                <variable key="ANTENNA-AZIMUTH-PATTERN-FILE" type="File" name="Antenna Azimuth Pattern File" default="[Required]" filetype="antenna-azimuth,asciiazimuth" />
                                <variable key="ANTENNA-ELEVATION-PATTERN-FILE" type="File" name="Antenna Elevation Pattern File" default="[Optional]" optional="true" filetype="antenna-elevation" />
					                  <variable name="Antenna Pattern Conversion Parameter" key="ANTENNA-PATTERN-CONVERSION-PARAMETER" type="Fixed" default="25" />			 
							  <variable name="Antenna Pattern Azimuth Resolution" key="ANTENNA-PATTERN-AZIMUTH-RESOLUTION" type="Fixed" default="360" min="1" max="360"  />
							  <variable name="Antenna Pattern Elevation Resolution" key="ANTENNA-PATTERN-ELEVATION-RESOLUTION" type="Fixed" default="180" min="1" max="180" />      
						  </option>
						  <option value="ASCII3D" name="Ascii3d" >
					                  <variable name="Antenna Pattern Num Patterns" key="ANTENNA-PATTERN-NUM-PATTERNS" type="Fixed" default="1" min="1"/>
                                <variable name="Antenna Pattern Pattern File " key="ANTENNA-PATTERN-PATTERN-FILE" type="File" default="[Required]" filetype="*ascii3d" />
					                  <variable name="Antenna Pattern Conversion Parameter" key="ANTENNA-PATTERN-CONVERSION-PARAMETER" type="Fixed" default="25" />			 
							  <variable name="Antenna Pattern Azimuth Resolution" key="ANTENNA-PATTERN-AZIMUTH-RESOLUTION" type="Fixed" default="360" min="1" max="360"  />
							  <variable name="Antenna Pattern Elevation Resolution" key="ANTENNA-PATTERN-ELEVATION-RESOLUTION" type="Fixed" default="180" min="1" max="180" />      
						  </option>
						  <option value="NSMA" name="Nsma" >
					                  <variable name="Antenna Pattern Num Patterns" key="ANTENNA-PATTERN-NUM-PATTERNS" type="Fixed" default="1" min="1"/>
                                <variable name="Antenna Pattern Pattern File " key="ANTENNA-PATTERN-PATTERN-FILE" type="File" default="[Required]" filetype="nsm,nsma" />
					                  <variable name="Antenna Pattern Conversion Parameter" key="ANTENNA-PATTERN-CONVERSION-PARAMETER" type="Fixed" default="25" />			 
							  <variable name="Antenna Pattern Azimuth Resolution" key="ANTENNA-PATTERN-AZIMUTH-RESOLUTION" type="Fixed" default="360" min="1" max="360"  />
							  <variable name="Antenna Pattern Elevation Resolution" key="ANTENNA-PATTERN-ELEVATION-RESOLUTION" type="Fixed" default="180" min="1" max="180" />      
						  </option>
					  </variable>
                  </option>
              </variable>
        <!--
        <variable name="Antenna Model Class" key="ANTENNA-MODEL-CLASS" type="Selection" default="ISOTROPIC">
        <option value="ISOTROPIC" name="ISOTROPIC" >
        </option>
        <option value="DYNAMIC" name="DYNAMIC" >
        </option>                        
        </variable>
        -->
        <!-- <variable name="Antenna Pattern Comment" key="ANTENNA-PATTERN-COMMENT" type="Text" /> 
        <variable name="Antenna Pattern ID " key="ANTENNA-PATTERN-ID" type="Fixed" />
        <variable name="Antenna Pattern Impedence File " key="ANTENNA-PATTERN-IMPEDENCE-FILE" type="File" default="[Required]" filetype="impedence-file" />-->
        <!-- <variable name="Antenna Pattern Num Frequency Samples " key="ANTENNA-PATTERN-NUM-FREQUENCY-SAMPLE" />
         <variable name="Antenna Pattern Num Azimuth-Samples" key="ANTENNA-PATTERN-NUM-AZIMUTH-SAMPLES" />
        <variable name="Antenna Pattern Num Elevation Samples " key="ANTENNA-PATTERN-NUM-ELEVATION-SAMPLES" />
        -->

      <!-- <subcategory name="Interfaces" refpath="NODE CONFIGURATION+INTERFACES" icon="interfaces.gif" /> -->
  </subcategory>
</category>

