<?xml version="1.0" encoding="ISO-8859-1"?>
<category name="NODE CONFIGURATION">
          <subcategory name="ATM INTERFACES">
            <subcategory name="ATM Interface 0">
                <variable name="ATM Interface Name" key="INTERFACE-NAME" type="Text" default="atminterface" help="" interfaceindex="true"/>
                <subcategory name="ATM Layer2">
                        <variable name="ATM Symmetric Link" key="DUMMY-GUI-ATM-SYMMETRIC-LINK" type="CheckBox" default="YES" visibilityrequires="false"/>
                        <variable name="ATM Layer2 Link Bandwidth" key="ATM-LAYER2-LINK-BANDWIDTH" type="Fixed multiplier" default="112000 bps" unit="bps" visibilityrequires="[DUMMY-GUI-ATM-SYMMETRIC-LINK] == 'NO'"/>
                        <variable name="ATM Layer2 Propagation Delay" key="ATM-LAYER2-LINK-PROPAGATION-DELAY" type="Time" default="50MS" visibilityrequires="[DUMMY-GUI-ATM-SYMMETRIC-LINK] == 'NO'"/>
                        <variable name="ATM Red Minimum Threshold" key="ATM-RED-MIN-THRESHOLD" type="Integer" default="5" />
                        <variable name="ATM Red Maximum Threshold" key="ATM-RED-MAX-THRESHOLD" type="Integer" default="15" />
                        <variable name="ATM Red Maximum Probability" key="ATM-RED-MAX-PROBABILITY" type="Fixed" default="0.02" />
                        <variable name="ATM Red Small Packet Transmission Time" key="ATM-RED-SMALL-PACKET-TRANSMISSION-TIME" type="Time" default="10MS" />
                        <variable name="ATM Scheduler Statistics" key="ATM-SCHEDULER-STATISTICS" type="Checkbox" default="NO" invisible="ScenarioLevel" />
                        <variable name="ATM Layer2 Statistics" key="ATM-LAYER2-STATISTICS" type="Checkbox" default="NO" invisible="ScenarioLevel" />
                        <variable name="Number of Queues" key="DUMMY-NUM-ATM-QUEUE" type="Array" default="1" min="1">
                            <variable name="ATM Queue Size" key="ATM-QUEUE-SIZE" type="Integer" default="15000"/>
                        </variable>
                </subcategory>
                <subcategory name="Adaptation Protocols">
                        <variable name="Adaptation Protocol" key="ADAPTATION-PROTOCOL" type="Selection" default="AAL5">
                            <option value="AAL5" name="AAL5" >
                                <variable name="ATM Connection Refresh Time" key="ATM-CONNECTION-REFRESH-TIME" type="Time" default="5M" />
                                <variable name="ATM Connection Timeout Time" key="ATM-CONNECTION-TIMEOUT-TIME" type="Time" default="1M" />
                                <variable name="Signalling Statistics" key="ATM-SIGNALLING-STATISTICS" type="Checkbox" default="NO" invisible="ScenarioLevel" /> 
                            </option>
                            <option value="N/A" name="None" />
                        </variable>
                        <variable name="Adaptation Layer Statistics" key="ADAPTATION-LAYER-STATISTICS" type="Checkbox" default="NO" invisible="ScenarioLevel" />
                 </subcategory>
                 <subcategory name="ARP" refpath="NODE CONFIGURATION+ARP" icon="protocol.gif"/>
            </subcategory>
        </subcategory>
    </category>
