<?xml version="1.0" encoding="ISO-8859-1"?>
<category name="NODE CONFIGURATION">
    <subcategory name="Battery Models" class="device,atmdevice">
        <variable name="Battery Model" key="BATTERY-MODEL" type="Selection" default="NONE" invisible="interface">
            <option value="NONE" name="None"/>
            <option value="LINEAR" name="Linear Model" >
                <variable name="Battery Charge Monitoring Interval" key="BATTERY-CHARGE-MONITORING-INTERVAL" type="Time" default="60S"/>
                <variable name="Full Battery Capacity (mA.h)" key="BATTERY-INITIAL-CHARGE" type="Fixed" default="1200"/>
            </option>
            <option value="SERVICE-LIFE-ACCURATE" name="Service Life Estimator">
                <variable name="Battery Charge Monitoring Interval" key="BATTERY-CHARGE-MONITORING-INTERVAL" type="Time" default="60S"/>
                <variable name="Battery Type" key="BATTERY-TYPE" type="Selection" default="DURACELL-AA">
                    <option value="DURACELL-AA" name="Duracell AA" help="If specified,the Simulator will look up Precomputed table  specified by DURACELL-AA-PRECOMPUTE-TABLE-FILE." >
                        <variable key="BATTERY-PRECOMPUTE-TABLE-FILE" type="File" name="Service Life Estimator Table" default="[Required]" filetype="pcm" />
                    </option>
                    <option value="DURACELL-AAA" name="Duracell AAA" >
                        <variable key="BATTERY-PRECOMPUTE-TABLE-FILE" type="File" name="Service Life Estimator Table" default="[Required]" filetype="pcm" />
                    </option>
                    <option value="DURACELL-9V" name="Duracell 9V" >
                        <variable key="BATTERY-PRECOMPUTE-TABLE-FILE" type="File" name="Service Life Estimator Table" default="[Required]" filetype="pcm" />
                    </option>
                    <option value="ITSY" name="ITSY" >
                        <variable key="BATTERY-PRECOMPUTE-TABLE-FILE" type="File" name="Service Life Estimator Table" default="[Required]" filetype="pcm" />
                    </option>
                </variable>
            </option>
            <option value="RESIDUAL-LIFE-ACCURATE" name="Residual Life Estimator">
                <variable name="Battery Charge Monitoring Interval" key="BATTERY-CHARGE-MONITORING-INTERVAL" type="Time" default="60S"/>
                <variable name="Battery Type" key="BATTERY-TYPE" type="Selection" default="DURACELL-AA-MX-1500">
                    <option value="DURACELL-AA-MX-1500" name="Duracell AA (MX-1500)" help="If specified,the Simulator will look up Utility table  specified by BATTERY-LOAD-UTIL-TABLE-FILE." >
                        <variable key="BATTERY-LOAD-UTILITY-TABLE-FILE" type="File" name="Residual Life Estimator Table" default="[Required]" filetype="utl" />
                    </option>
                    <option value="DURACELL-C-MN-1400" name="Duracell C-MN (MN-1400)" help="If specified,the Simulator will look up Utility table  specified by BATTERY-LOAD-UTIL-TABLE-FILE." >
                        <variable key="BATTERY-LOAD-UTILITY-TABLE-FILE" type="File" name="Residual Life Estimator Table" default="[Required]" filetype="utl" />
                    </option>
                    <option value="DURACELL-AAA-MN-2400" name="Duracell AAA (MN-2400)" help="If specified,the Simulator will look up Utility table  specified by BATTERY-LOAD-UTIL-TABLE-FILE." >
                        <variable key="BATTERY-LOAD-UTILITY-TABLE-FILE" type="File" name="Residual Life Estimator Table" default="[Required]" filetype="utl" />
                    </option>
                    <option value="DURACELL-AAA-MX-2400" name="Duracell AAA (MX-2400)" help="If specified,the Simulator will look up Utility table  specified by BATTERY-LOAD-UTIL-TABLE-FILE." >
                        <variable key="BATTERY-LOAD-UTILITY-TABLE-FILE" type="File" name="Residual Life Estimator Table" default="[Required]" filetype="utl" />
                    </option>
                    <option value="PANASONIC-AAA" name="Panasonic AAA" help="If specified,the Simulator will look up Utility table  specified by BATTERY-LOAD-UTIL-TABLE-FILE." >
                        <variable key="BATTERY-LOAD-UTILITY-TABLE-FILE" type="File" name="Residual Life Estimator Table" default="[Required]" filetype="utl" />
                    </option>
                    <option value="PANASONIC-AA" name="Panasonic AA" help="If specified,the Simulator will look up Utility table  specified by BATTERY-LOAD-UTIL-TABLE-FILE." >
                        <variable key="BATTERY-LOAD-UTILITY-TABLE-FILE" type="File" name="Residual Life Estimator Table" default="[Required]" filetype="utl" />
                    </option>
                </variable>
            </option>
        </variable>
    </subcategory>
</category>
