<?xml version="1.0" encoding="ISO-8859-1"?>
<category name="NODE CONFIGURATION">
    <subcategory name="CYBER">
    <!-- SIGINT -->
        <variable name="Number of SIGINT Scanners" key="DUMMY-NUM-SIGINT-SCANNER-TYPES" type="Array" default="0" min="0" keyvisible="false" addon="cyber">
            <variable name="SIGINT Scanner Type" key="SIGINT-SCANNER-TYPE" type="Selection" default="BASIC" addon="cyber">
                <option name="Basic" value="BASIC">
                    <variable 
                        name="Scan Start Frequency" 
                        key="SIGINT-START-FREQUENCY"
                        type="Fixed Multiplier"
                        default="2 GHz"
                        unit="Hz"
                        maxUnit="GHz"
                        format="List" />
                    <variable 
                        name="Scan End Frequency" 
                        key="SIGINT-END-FREQUENCY"
                        type="Fixed Multiplier"
                        default="6 GHz"
                        unit="Hz"
                        maxUnit="GHz"
                        format="List" />
                </option>
                <option name="Sweeping" value="SWEEP">
                    <variable 
                        name="Scan Start Frequency" 
                        key="SIGINT-START-FREQUENCY"
                        type="Fixed Multiplier"
                        default="2 GHz"
                        unit="Hz"
                        maxUnit="GHz"
                        format="List" />
                    <variable 
                        name="Scan End Frequency" 
                        key="SIGINT-END-FREQUENCY"
                        type="Fixed Multiplier"
                        default="6 GHz"
                        unit="Hz"
                        maxUnit="GHz"
                        format="List" />
                    <variable 
                        name="Scan Sweep Bandwidth" 
                        key="SIGINT-SWEEP-BANDWIDTH"
                        type="Fixed Multiplier"
                        default="1 GHz"
                        unit="Hz"
                        maxUnit="GHz"
                        format="List" />
                    <variable 
                        name="Scan Sweep Slot Duration" 
                        key="SIGINT-SWEEP-SLOT-DURATION"
                        type="Time"
                        default="1S" />
                    <variable
                       name="Scan Sweeping Pattern"
                       key="SIGINT-SWEEP-PATTERN"
                       type="Selection"
                       default="SEQ">
                           <option name="Sequential" value="SEQ" />
                           <option name="Random" value="RANDOM" />
                    </variable>
                </option>
                <option name="File" value="FILE" >
                    <variable 
                        name="SIGINT Scan File" 
                        key="SIGINT-SCANNER-FILE" 
                        type="File" 
                        default="[Required]" 
                        filetype="firewall" 
                        invisible="device,interface" 
                        addon="cyber"/>
                </option>
            </variable>
        </variable>

    <!-- JAMMER -->

            <variable name="Number of Jammer Scanners" key="DUMMY-NUM-JAMMER-SCANNER-TYPES" type="Array" default="0" min="0" keyvisible="false" addon="cyber">
            <variable name="Jammer Scanner Type" key="JAMMER-SCANNER-TYPE" type="Selection" default="BASIC" addon="cyber">
                <option name="Basic" value="BASIC">
                    <variable 
                        name="Jammer Start Frequency" 
                        key="JAMMER-START-FREQUENCY"
                        type="Fixed Multiplier"
                        default="2 GHz"
                        unit="Hz"
                        maxUnit="GHz"
                        format="List" />
                    <variable 
                        name="Jammer End Frequency" 
                        key="JAMMER-END-FREQUENCY"
                        type="Fixed Multiplier"
                        default="6 GHz"
                        unit="Hz"
                        maxUnit="GHz"
                        format="List" />
                </option>
                <option name="Sweeping" value="SWEEP">
                    <variable 
                        name="Jammer Start Frequency" 
                        key="JAMMER-START-FREQUENCY"
                        type="Fixed Multiplier"
                        default="2 GHz"
                        unit="Hz"
                        maxUnit="GHz"
                        format="List" />
                    <variable 
                        name="Jammer End Frequency" 
                        key="JAMMER-END-FREQUENCY"
                        type="Fixed Multiplier"
                        default="6 GHz"
                        unit="Hz"
                        maxUnit="GHz"
                        format="List" />
                    <variable 
                        name="Jammer Sweep Bandwidth" 
                        key="JAMMER-SWEEP-BANDWIDTH"
                        type="Fixed Multiplier"
                        default="1 GHz"
                        unit="Hz"
                        maxUnit="GHz"
                        format="List" />
                    <variable 
                        name="Jammer Sweep Slot Duration" 
                        key="JAMMER-SWEEP-SLOT-DURATION"
                        type="Time"
                        default="1S" />
                    <variable
                       name="Jammer Sweeping Pattern"
                       key="JAMMER-SWEEP-PATTERN"
                       type="Selection"
                       default="SEQ">
                           <option name="Sequential" value="SEQ" />
                           <option name="Random" value="RANDOM" />
                    </variable>
                </option>
                <option name="File" value="FILE" >
                    <variable 
                        name="Jammer Scan File" 
                        key="JAMMER-SCANNER-FILE" 
                        type="File" 
                        default="[Required]" 
                        filetype="firewall" 
                        invisible="device,interface" 
                        addon="cyber"/>
                </option>
            </variable>
        </variable>

    <!--  Firewall Configuration -->
       <variable 
            name="Firewall Configuration File" 
            key="FIREWALL-CONFIG-FILE" 
            type="File" 
            default="[Optional]" 
            filetype="firewall" 
            invisible="device,interface" 
            addon="cyber"/>
    </subcategory>
</category>
