<?xml version="1.0" encoding="ISO-8859-1"?>
<category name="NODE CONFIGURATION">
    <subcategory name="Internet Controller" visiblityrequires="false" addon="military">
        <variable name="Internet Controller" key ="INC-TYPE" type="Selection" default="N/A" invisible="Device">
            <option value="N/A" name="None"  help=""/>
            <option value="EPLRS" name="EPLRS" addon="military" help="Choosing EPLRS enables EPLRS INC." >
                <variable name="Enable Immediate Access" key="IMMEDIATE-ACCESS-ENABLED " type="Checkbox" default="NO" />
                <variable name="CSMA Short Access Probability" key="CSMA-SHORT-ACCESS-PROBABILITY  " type="Fixed" default="0.25" />
                <variable name="Slot Duration" key="EPLRS-SLOT-DURATION" type="Time" default="12MS" help="EPLRS slot duration must be greater than or equal to 1MS and less than or equal to 1S. The default value is 12MS. This duration should be longer enough so that a packet can be transmitted." />
                <variable name="Guard Time" key="EPLRS-GUARD-TIME" type="Time" default="0NS" />
                <variable name="Inter Frame Time" key="EPLRS-INTER-FRAME-TIME" type="Time" default="1MS" />                
                <variable name="Enable EPLRS Ack" key="EPLRS-ACK" type="Checkbox" default="YES" help="By default, EPLRS will perform end-to-end ACK between source and destination, and retransmission" />
                <variable name="EPLRS Scheduling" key="EPLRS-SCHEDULING" type="Selection" default="AUTOMATIC" invisible="Device, interface">
                    <option value="AUTOMATIC" name="AUTOMATIC" />
                    <option value="FILE" name="FILE">
                        <variable name="EPLRS Needline File" key="EPLRS-NEEDLINE-INPUT-FILE" type="File" default="[Required]" />
                        <variable name="EPLRS Radio File" key="EPLRS-RADIO-INPUT-FILE" type="File" default="[Required]" />
                    </option>
                </variable>
            </option>
        </variable>
    </subcategory>
</category>
