<?xml version="1.0" encoding="ISO-8859-1"?>
<category name="NODE CONFIGURATION">
  <subcategory name="LTE Properties" help="LTE Global Properties">
  <subcategory name="Measurement" help="Properties related with measurement for handover">
      <subcategory name="Mask of Events" help="Mask of events to observe for handover report in RSRP and RSPQ metric">
        <variable name="Events for RSRP Metric Handover Report" key="RRC-LTE-MEAS-OBSERVING-EVENT-MASK-RSRP" type="Selection" default="00000" help="A digit means an event type (from left to right, A1, A2, ..., A5.) Specify events as '1' observed by measurement function in RSRP metric." >
          <option value="00000" name="No Events Observed" />
          <option value="00100" name="Observe A3 Event" />
        </variable>
        <variable name="Events for RSRQ Metric Handover Report" key="RRC-LTE-MEAS-OBSERVING-EVENT-MASK-RSRQ" type="Selection" default="00000" help="A digit means an event type (from left to right, A1, A2, ..., A5.) Specify events as '1' observed by measurement function in RSRQ metric." >
          <option value="00000" name="No Events Observed" />
          <option value="00100" name="Observe A3 Event" />
        </variable>
      </subcategory>
      <!-- "Event A1", "Event A2", "Event A4" and "Event A5" should not be shown in GUI because these configuration parameters are disabled for future use.-->
      <subcategory name="A3 Event">
      <!--"Event A1"-->      
        <variable name="Threshold of Event A1 (RSRP) (dBm)" key="RRC-LTE-MEAS-EVENT-A1-RSRP-TH" type="Fixed" default="0.0" min="-1000" max="1000" visibilityrequires="false" keyvisible="true"/>
        <variable name="Hysteresis of Event A1 (RSRP) (dB)" key="RRC-LTE-MEAS-EVENT-A1-RSRP-HYS" type="Fixed" default="0.0" min="-1000" max="1000" visibilityrequires="false" keyvisible="true"/>
        <variable name="Threshold of Event A1 (RSRQ) (dBm)" key="RRC-LTE-MEAS-EVENT-A1-RSRQ-TH" type="Fixed" default="0.0" min="-1000" max="1000" visibilityrequires="false" keyvisible="true"/>
        <variable name="Hysteresis of Event A1 (RSRQ) (dB)" key="RRC-LTE-MEAS-EVENT-A1-RSRQ-HYS" type="Fixed" default="0.0" min="-1000" max="1000" visibilityrequires="false" keyvisible="true"/>
      <!--"Event A2"-->      
        <variable name="Threshold of Event A2 (RSRP) (dBm)" key="RRC-LTE-MEAS-EVENT-A2-RSRP-TH" type="Fixed" default="0.0" min="-1000" max="1000" visibilityrequires="false" keyvisible="true"/>
        <variable name="Hysteresis of Event A2 (RSRP) (dB)" key="RRC-LTE-MEAS-EVENT-A2-RSRP-HYS" type="Fixed" default="0.0" min="-1000" max="1000" visibilityrequires="false" keyvisible="true"/>
        <variable name="Threshold of Event A2 (RSRQ) (dBm)" key="RRC-LTE-MEAS-EVENT-A2-RSRQ-TH" type="Fixed" default="0.0" min="-1000" max="1000" visibilityrequires="false" keyvisible="true"/>
        <variable name="Hysteresis of Event A2 (RSRQ) (dB)" key="RRC-LTE-MEAS-EVENT-A2-RSRQ-HYS" type="Fixed" default="0.0" min="-1000" max="1000" visibilityrequires="false" keyvisible="true"/>
      <!--Only "Event A3" is enabled-->
        <variable name="Offset of Event A3 (RSRP) (dB)" key="RRC-LTE-MEAS-EVENT-A3-RSRP-OFF" type="Fixed" default="0.0" min="-1000" max="1000" />
        <variable name="Hysteresis of Event A3 (RSRP) (dB)" key="RRC-LTE-MEAS-EVENT-A3-RSRP-HYS" type="Fixed" default="0.0" min="-1000" max="1000" />
        <variable name="Offset of Event A3 (RSRQ) (dB)" key="RRC-LTE-MEAS-EVENT-A3-RSRQ-OFF" type="Fixed" default="0.0" min="-1000" max="1000" />
        <variable name="Hysteresis of Event A3 (RSRQ) (dB)" key="RRC-LTE-MEAS-EVENT-A3-RSRQ-HYS" type="Fixed" default="0.0" min="-1000" max="1000" />
      <!--"Event A4"-->      
        <variable name="Threshold of Event A4 (RSRP) (dBm)" key="RRC-LTE-MEAS-EVENT-A4-RSRP-TH" type="Fixed" default="0.0" min="-1000" max="1000" visibilityrequires="false" keyvisible="true"/>
        <variable name="Hysteresis of Event A4 (RSRP) (dB)" key="RRC-LTE-MEAS-EVENT-A4-RSRP-HYS" type="Fixed" default="0.0" min="-1000" max="1000" visibilityrequires="false" keyvisible="true"/>
        <variable name="Threshold of Event A4 (RSRQ) (dBm)" key="RRC-LTE-MEAS-EVENT-A4-RSRQ-TH" type="Fixed" default="0.0" min="-1000" max="1000" visibilityrequires="false" keyvisible="true"/>
        <variable name="Hysteresis of Event A4 (RSRQ) (dB)" key="RRC-LTE-MEAS-EVENT-A4-RSRQ-HYS" type="Fixed" default="0.0" min="-1000" max="1000" visibilityrequires="false" keyvisible="true"/>
      <!--"Event A5"-->      
        <variable name="Threshold1 of Event A5 (RSRP) (dBm)" key="RRC-LTE-MEAS-EVENT-A5-RSRP-TH1" type="Fixed" default="0.0" min="-1000" max="1000" visibilityrequires="false" keyvisible="true"/>
        <variable name="Threshold2 of Event A5 (RSRP) (dBm)" key="RRC-LTE-MEAS-EVENT-A5-RSRP-TH2" type="Fixed" default="0.0" min="-1000" max="1000" visibilityrequires="false" keyvisible="true"/>
        <variable name="Hysteresis of Event A5 (RSRP) (dB)" key="RRC-LTE-MEAS-EVENT-A5-RSRP-HYS" type="Fixed" default="0.0" min="-1000" max="1000" visibilityrequires="false" keyvisible="true"/>
        <variable name="Threshold1 of Event A5 (RSRQ) (dBm)" key="RRC-LTE-MEAS-EVENT-A5-RSRQ-TH1" type="Fixed" default="0.0" min="-1000" max="1000" visibilityrequires="false" keyvisible="true"/>
        <variable name="Threshold2 of Event A5 (RSRQ) (dBm)" key="RRC-LTE-MEAS-EVENT-A5-RSRQ-TH2" type="Fixed" default="0.0" min="-1000" max="1000" visibilityrequires="false" keyvisible="true"/>
        <variable name="Hysteresis of Event A5 (RSRQ) (dB)" key="RRC-LTE-MEAS-EVENT-A5-RSRQ-HYS" type="Fixed" default="0.0" min="-1000" max="1000" visibilityrequires="false" keyvisible="true"/>
      </subcategory>
      <subcategory name="Measurement Report">
        <variable name="Time to Trigger Measurement Report Process" key="RRC-LTE-MEAS-TIME-TO-TRIGGER" type="Time" default="400MS" visibilityrequires="false" keyvisible="true" />
        <variable name="Periodic Measurement Report Interval" key="RRC-LTE-MEAS-REPORT-INTERVAL" type="Time" default="120MS" />
        <variable name="Number of Measurement Reports Sent" key="RRC-LTE-MEAS-REPORT-AMOUNT" type="Integer" default="1" min="1" />
      </subcategory>
      <subcategory name="Filter">
        <variable name="Coefficient of Filter Measured RSRP Value" key="RRC-LTE-MEAS-QUANTITY-CONFIG-FILTER-COEF-RSRP" type="Integer" default="4" min="0" max="100" />
        <variable name="Coefficient of Filter Measured RSRQ Value" key="RRC-LTE-MEAS-QUANTITY-CONFIG-FILTER-COEF-RSRQ" type="Integer" default="4" min="0" max="100" />
      </subcategory>
      <subcategory name="Gap">
        <variable name="Type of Measurement Gap" key="RRC-LTE-MEAS-GAP-CONFIG-TYPE" type="Selection" default="0" help="Frequency of Inter-freq Measurement Is Determined by This Value.">
          <option value="0" name="Every 40 subframes" />
          <option value="1" name="Every 80 subframes" />
        </variable>
        <variable name="Subframe Offset of Inter-freq Measurement" key="RRC-LTE-MEAS-GAP-CONFIG-OFFSET" type="Integer" default="0" min="0" visibilityrequires="false" keyvisible="true" />
      </subcategory>
  </subcategory>
  </subcategory>
</category>
