<?xml version="1.0" encoding="ISO-8859-1"?>
<category name="NODE CONFIGURATION">
	<subcategory name="Meta Data">

		<variable name="Number of Node Meta-data" key="GUI-NUM-NODE-META-DATA" type="Array" default="0" min="0" keyvisible="true" invisible="Interface">
            <variable name="Node Meta-data" key="NODE-META-DATA" type="Text" default="" />
        </variable>


        <variable name="Number of Session Meta-data" key="GUI-NUM-SESSION-META-DATA" type="Array" default="0" min="0" keyvisible="true" invisible="Interface">
            <variable name="Session Meta-data" key="SESSION-META-DATA" type="Text" default="" />
        </variable>

        <variable name="Number of Connection Meta-data" key="GUI-NUM-CONNECTION-META-DATA" type="Array" default="0" min="0" keyvisible="true" invisible="Interface">
            <variable name="Connection Meta-data" key="CONNECTION-META-DATA" type="Text" default="" />
        </variable>

        <variable name="Number of Interface Meta-data" key="GUI-NUM-INTERFACE-META-DATA" type="Array" default="0" min="0" keyvisible="true" invisible="Interface">
            <variable name="Interface Meta-data" key="INTERFACE-META-DATA" type="Text" default="" />
        </variable>

        <variable name="Number of Scheduler Meta-data" key="GUI-NUM-SCHEDULER-META-DATA" type="Array" default="0" min="0" keyvisible="true" invisible="Interface">
            <variable name="Scheduler Meta-data" key="SCHEDULER-META-DATA" type="Text" default="" />
        </variable>

        <variable name="Number of Queue Meta-data" key="GUI-NUM-QUEUE-META-DATA" type="Array" default="0" min="0" keyvisible="true" invisible="Interface">
            <variable name="Queue Meta-data" key="QUEUE-META-DATA" type="Text" default="" />
        </variable>

    </subcategory>
</category>
