<?xml version="1.0" encoding="ISO-8859-1"?>
<category name="NODE CONFIGURATION">
    <subcategory name="NODE FAULTS">
        <subcategory name="Node Fault 0" key="INTERFACE-FAULT">
            <variable name="Fault Type" key="FAULT-TYPE" type="Selection" default="STATIC" keyvisible="false">
                <option value="STATIC" name="Static">
                    <variable key="START-TIME" name="Start Time" type="Time" default="0S" keyvisible="false"/>
                    <variable key="END-TIME" name="End Time" type="Time" default="0S" keyvisible="false"/>    
                    <variable name="Specify Replacement Card MAC Address" key="DUMMY-CARD-FAULT" type="Selection" default="NO" keyvisible="false" optional="true">
                    <option value="INTERFACE-CARD-FAULT" name="Yes" optional="true">
                        <variable name="MAC Address" key="MAC-ADDRESS" type="Text" default="[Required]" keyvisible="false"/>
                    </option>
                    <option value="NO" name="No"/>
                    </variable>
                </option>
                <option value="RANDOM" name="Random">
                    <variable key="REPS" name="Repetition Distribution" type="Selection" default="DET" keyvisible="true">
                    <option value="DET" name="Deterministic">
                        <variable name="Number of Repetitions" key="FIXED-REPS" type="Integer" default="1" min="0" keyvisible="false"/>
                    </option>
                    <option value="UNI" name="Uniform">
                        <variable name="Minimum Number of Repetitions" key="EARLIEST-REPS" type="Integer" default="1" min="0" keyvisible="false"/>
                        <variable name="Maximum Number of Repetitions" key="LATEST-REPS" type="Integer" default="2" min="0" keyvisible="false"/>
                    </option>
                    <option value="EXP" name="Exponential">
                        <variable name="Mean Number of Repetitions" key="MEAN-REPS" type="Integer" default="1" min="0" keyvisible="false"/>
                    </option>
                    </variable>
                    <variable key="START" name="Start Time" type="Selection" default="DET" keyvisible="true">
                    <option value="DET" name="Deterministic">
                        <variable name="Start Time" key="FIXED-START" type="Time" default="1S" keyvisible="false"/>
                    </option>
                    <option value="UNI" name="Uniform">
                        <variable name="Earliest Time" key="EARLIEST-START" type="Time" default="1S" keyvisible="false"/>
                        <variable name="Latest Time" key="LATEST-START" type="Time" default="1S" keyvisible="false"/>
                    </option>
                    <option value="EXP" name="Exponential">
                        <variable name="Mean Time" key="MEAN-START" type="Time" default="1S" keyvisible="false"/>
                    </option>
                    </variable>
                    <variable key="MTBF" name="Up Time" type="Selection" default="DET" keyvisible="true">
                    <option value="DET" name="Deterministic">
                        <variable name="Up Time" key="FIXED-MTBF" type="Time" default="1S" keyvisible="false"/>
                    </option>
                    <option value="UNI" name="Uniform">
                        <variable name="Earliest Time" key="EARLIEST-MTBF" type="Time" default="1S" keyvisible="false"/>
                        <variable name="Latest Time" key="LATEST-MTBF" type="Time" default="2S" keyvisible="false"/>
                    </option>
                    <option value="EXP" name="Exponential">
                        <variable name="Mean Time" key="MEAN-MTBF" type="Time" default="1S" keyvisible="false"/>
                    :w</option>
                    </variable>
                    <variable key="DOWN" name="Down Time" type="Selection" default="DET" keyvisible="true">
                    <option value="DET" name="Deterministic">
                        <variable name="Down Time" key="FIXED-DOWN" type="Time" default="1S" keyvisible="false"/>
                    </option>
                    <option value="UNI" name="Uniform">
                        <variable name="Earliest Time" key="EARLIEST-DOWN" type="Time" default="1S" keyvisible="false"/>
                        <variable name="Latest Time" key="LATEST-DOWN" type="Time" default="2S" keyvisible="false"/>
                    </option>
                    <option value="EXP" name="Exponential">
                        <variable name="Mean Time" key="MEAN-DOWN" type="Time" default="1S" keyvisible="false"/>
                    </option>
                    </variable>
                </option>
            </variable>
        </subcategory>
    </subcategory>
</category>
