<?xml version="1.0" encoding="ISO-8859-1"?>
<category name="NODE CONFIGURATION">
    <subcategory name="PACKET TRACING"> 
        <variable name="Enable Packet Tracing" key="PACKET-TRACE" type="Selection" default="NO" help="Generates trace data compatible with Tracer viewing tool.">
            <option value="NO" name="No" />
            <option value="YES" name="Yes">
                <variable name="Trace All Layers" key="TRACE-ALL" type="Selection" default="NO">
                    <option value="YES" name="Yes" />
                    <option value="NO" name="No">
                        <variable name="Trace All Application Layer Protocols" key="TRACE-APPLICATION-LAYER" type="Selection" default="YES">
                                                    <option value="YES" name="Yes" />
                                                    <option value="NO" name="No">
                                <variable name="Trace CBR" key="TRACE-CBR" type="TickBox" default="NO" />
                            <variable name="Trace Zigbee Application" key="TRACE-ZIGBEEAPP" type="TickBox" default="NO" addon="sensor_networks" />
                            <variable name="Trace TRAFFIC-GEN" key="TRACE-TRAFFIC-GEN" type="TickBox" default="NO" />
                            <variable name="Trace FTP-GENERIC" key="TRACE-GEN-FTP" type="TickBox" default="NO" />
                            <variable name="Trace SUPERAPPLICATION" key="TRACE-SUPERAPPLICATION" type="TickBox" default="NO" />
                            <variable name="Trace BELLMANFORD" key="TRACE-BELLMANFORD" type="TickBox" default="NO"  />
                            <variable name="Trace OLSR" key="TRACE-OLSR" type="TickBox" default="NO" />
                            <variable name="Trace RIPng" key="TRACE-RIPNG" type="TickBox" default="NO"  />
                                                    </option>
                                                </variable>
                        <variable name="Trace All Transport Layer Protocols" key="TRACE-TRANSPORT-LAYER" type="Selection" default="YES">
                            <option value="YES" name="Yes" />
                            <option value="NO" name="No">
                                <variable name="Trace TCP" key="TRACE-TCP" type="TickBox" default="NO" />
                                <variable name="Trace UDP" key="TRACE-UDP" type="TickBox" default="NO" />
                            </option>
                        </variable>
                        <variable name="Trace All Network Layer Protocols" key="TRACE-NETWORK-LAYER" type="Selection" default="YES">
                            <option value="YES" name="Yes" />
                            <option value="NO" name="No">
                                <variable name="Trace IPv4" key="TRACE-IP" type="TickBox" default="NO" />
                                <variable name="Trace IPv6" key="TRACE-IPV6" type="TickBox" default="NO" />
                                <variable name="Trace ICMP" key="TRACE-ICMP" type="TickBox" default="NO" />
                                <variable name="Trace ICMPv6" key="TRACE-ICMPV6" type="TickBox" default="NO" />
                                <variable name="Trace AODV" key="TRACE-AODV" type="TickBox" default="NO" />
                                <variable name="Trace DYMO" key="TRACE-DYMO" type="TickBox" default="NO" />
                                <variable name="Trace OSPF" key="TRACE-OSPFv2" type="TickBox" default="NO" addon="multimedia_enterprise" />
                                <variable name="Trace OSPFv3" key="TRACE-OSPFv3" type="TickBox" default="NO" addon="multimedia_enterprise" />                                                                        
                                <variable name="Trace ODMRP" key="TRACE-ODMRP" type="TickBox" default="NO"  />
                            <!--    <variable name="Trace DSR" key="TRACE-DSR" type="TickBox" default="NO"  /> -->
                            </option>
                        </variable>
                        <variable name="Trace All MAC Layer Protocols" key="TRACE-MAC-LAYER" type="Selection" default="YES">
                            <option value="YES" name="Yes" />
                            <option value="NO" name="No" />
                        </variable>
                    </option>
                </variable>
                <variable name="Trace Direction" key="TRACE-DIRECTION" type="Selection" default="BOTH">
                    <option value="BOTH" name="Both" />
                    <option value="OUTPUT" name="Output" help="traces packets output to the network" />
                    <option value="INPUT" name="Input" help="traces packets received from the network" />
                </variable>
                <variable name="Trace Included Headers" key="TRACE-INCLUDED-HEADERS" type="Selection" default="NONE">
                    <option value="ALL" name="All" help="All upper layer protocol header include in the tracer output" />
                    <option value="SELECTED" name="Selected" help="Selected upper layer protocol header include in the tracer output" />
                    <option value="NONE" name="None" help="No upper layer protocol header include in the tracer output" />
                </variable>
            </option>
        </variable>
        <variable name="Enable Access List Tracing" key="ACCESS-LIST-TRACE" type="Checkbox" default="NO" />
    </subcategory>
</category>
