<?xml version="1.0" encoding="ISO-8859-1"?>
<category name="COMPONENTS">
<subcategory name="LINKS">
    <subcategory name="POINT TO POINT LINK PROPERTIES">
        <variable name="Link Type" key="LINK-PHY-TYPE" type="Selection" default="WIRED">
            <option value="WIRED" name="Wired">
                <!--<variable key="LINK-PROPAGATION-DELAY" type="Time" name="Link Propagation Delay" default="1MS" />-->
                <variable name="MAC Protocol" key="LINK-MAC-PROTOCOL" type="Selection" default="ABSTRACT">
                    <option value="ABSTRACT" name="Abstract Link MAC">
                        <variable name="Symmetric" key="DUMMY-GUI-SYMMETRIC-LINK" type="Selection" default="YES" help="">
                            <option name="Yes" value="YES">
                                <variable key="LINK-PROPAGATION-DELAY" type="Time" name="Link Propagation Delay" default="1MS" />
                                <variable name="Bandwidth" key="LINK-BANDWIDTH" type="Fixed multiplier" default="10 Mbps" min="0 bps" unit="bps" />
                                <variable name="Link Header Size (bits)" key="LINK-HEADER-SIZE-IN-BITS" type="Integer" default="224" min="0"/>
                            </option>
                            <option name="No" value="NO">
                                <variable name="Link Propagation Delay" key="DUMMY-HELP-MESSAGE-1" type="text" default="Configure at both interfaces." disable="true" keyvisible="false"/>
                                <variable name="Bandwidth" key="DUMMY-HELP-MESSAGE-2" type="text" default="Configure at both interfaces." disable="true" keyvisible="false"/>
                                <variable name="Link Header Size (bits)" key="DUMMY-HELP-MESSAGE-3" type="text" default="Configure at both interfaces." disable="true" keyvisible="false"/>
                            </option>
                        </variable>
                        <variable key="LINK-GENERATE-AUTOMATIC-DEFAULT-ROUTE" name="Generate Automatic Default Route" type="Selection" default="YES" optional="true">
                            <option value="YES" name="Yes" />
                            <option value="NO" name="No" />
                        </variable>
                    </option>
                    <option value="MAC802.3" name="802.3">
                        <variable name="802.3 Bandwidth" key="LINK-BANDWIDTH" type="Selection" default="100000000">
                            <option value="10000000000" name="10 Gbps" />
                            <option value="1000000000" name="1 Gbps" />
                            <option value="100000000" name="100 Mbps" />
                            <option value="10000000" name="10 Mbps" />
                        </variable>
                        <variable name="802.3 Propagation Delay" key="LINK-PROPAGATION-DELAY" type="Time" default="2.5US" />
                        <variable name="802.3 Mode" key="MAC802.3-MODE" type="Selection" default="FULL-DUPLEX">
                                    <option value="HALF-DUPLEX" name="Half-Duplex" />
                                    <option value="FULL-DUPLEX" name="Full-Duplex" />
                        </variable>
                    </option>
                </variable>
            </option>
            <option value="WIRELESS" name="Wireless" >
                <variable name="MAC Protocol" key="LINK-MAC-PROTOCOL" type="Selection" default="ABSTRACT">
                    <option value="ABSTRACT" name="Abstract Link MAC">
                        <variable name="Symmetric" key="DUMMY-GUI-SYMMETRIC-LINK" type="Selection" default="YES" help="">
                            <option name="Yes" value="YES">
                                <variable key="LINK-PROPAGATION-SPEED" type="Fixed" name="Link Propagation Speed (m/s)" default="3e8" optional="true"/>
                                <variable name="Bandwidth" key="LINK-BANDWIDTH" type="Fixed multiplier" default="10 Mbps" min="0 bps" unit="bps" />
                                <variable name="Link Header Size (bits)" key="LINK-HEADER-SIZE-IN-BITS" type="Integer" default="224" min="0"/>
                            </option>
                            <option name="No" value="NO">
                                <variable name="Link Propagation Speed (m/s)" key="DUMMY-HELP-MESSAGE-4" type="text" default="Configure at both interfaces." disable="true" keyvisible="false"/>
                                <variable name="Bandwidth" key="DUMMY-HELP-MESSAGE-2" type="text" default="Configure at both interfaces." disable="true" keyvisible="false"/>
                                <variable name="Link Header Size (bits)" key="DUMMY-HELP-MESSAGE-3" type="text" default="Configure at both interfaces." disable="true" keyvisible="false"/>
                            </option>
                        </variable>
                        <variable key="LINK-GENERATE-AUTOMATIC-DEFAULT-ROUTE" name="Generate Automatic Default Route" type="Selection" default="YES" optional="true"> 	 
                                 <option value="YES" name="Yes" /> 	 
                                 <option value="NO" name="No" /> 	 
                        </variable>
                    </option>
                </variable>
            </option>
            <option value="MICROWAVE" name="Microwave" addon="developer">
                <variable name="MAC Protocol" key="LINK-MAC-PROTOCOL" type="Selection" default="ABSTRACT">
                    <option value="ABSTRACT" name="Abstract Link MAC">
                        <variable name="Symmetric" key="DUMMY-GUI-SYMMETRIC-LINK" type="Selection" default="NO" help="">
                            <option name="Yes" value="YES">
                                <variable key="LINK-PROPAGATION-DELAY" type="Time" name="Link Propagation Delay" default="1MS" />
                                <variable key="LINK-PROPAGATION-SPEED" type="Fixed" name="Link Propagation Speed (m/s)" default="3e8" optional="true"/>
                                <variable name="Bandwidth" key="LINK-BANDWIDTH" type="Fixed multiplier" default="10 Mbps" min="0bps" unit="bps" />
                                <variable name="Link Header Size (bits)" key="LINK-HEADER-SIZE-IN-BITS" type="Integer" default="224" min="0"/>
                                <variable name="Configure Microwave Link Properties" key="DUMMY-GUI-CONFIG-MICROWAVE-LINK" type="selection" default="N/A">
                                    <option value="N/A" name="No"/>
                                    <option value="YES" name="Yes">
                                        <variable key="LINK-TX-FREQUENCY" name="Transmission Frequency" type="Fixed multiplier" default="13.17 GHz" unit="Hz" min="1 GHz" max="350 GHz" />
                                        <variable key="LINK-RX-FREQUENCY" name="Receiving Frequency" type="Fixed multiplier" default="13.17 GHz" unit="Hz" min="1 GHz" max="350 GHz" />
                                        <variable key="LINK-TX-ANTENNA-HEIGHT" name="Transmission Antenna Height (meters)" type="Fixed" default="30" min="3" max="200" help="Tx antenna height in meters." />
                                        <variable key="LINK-RX-ANTENNA-HEIGHT" name="Receiving Antenna Height (meters)" type="Fixed" default="30" min="3" max="200" help="Rx antenna height in meters." />
                                        <variable key="LINK-TX-ANTENNA-DISH-DIAMETER" name="Transmission Antenna Dish Diameter (meters)" type="Fixed" default="0.8" min="0.01" help="Tx antenna dish diameter in meters." />
                                        <variable key="LINK-RX-ANTENNA-DISH-DIAMETER" name="Receiving Antenna Dish Diameter (meters)" type="Fixed" default="0.8" min="0.01" help="Rx antenna dish diameter in meters." />
                                        <variable key="LINK-TX-ANTENNA-CABLE-LOSS" name="Transmission Antenna Cable Loss (dB)" type="Fixed" default="1.5" min="0" help="In practice it should be less than 20 dB." />
                                        <variable key="LINK-RX-ANTENNA-CABLE-LOSS" name="Receiving Antenna Cable Loss (dB)" type="Fixed" default="1.5" min="0" help="In practice it should be less than 20 dB." />
                                        <variable key="LINK-TX-ANTENNA-POLARIZATION" name="Transmission Antenna Polarization" type="Selection" default="VERTICAL" optional="true">
                                            <option value="HORIZONTAL" name="Horizontal" />
                                            <option value="VERTICAL" name="Vertical" />
                                        </variable>
                                        <variable key="LINK-RX-ANTENNA-POLARIZATION" name="Receiving Antenna Polarization" type="Selection" default="VERTICAL" optional="true">
                                            <option value="HORIZONTAL" name="Horizontal" />
                                            <option value="VERTICAL" name="Vertical" />
                                        </variable>
                                        <variable key="LINK-TX-POWER" name="Transmission Power (dBm)" type="Fixed" default="30" min="0" help="In practice it should be larger than 0 dBm." />
                                        <variable key="LINK-RX-SENSITIVITY" name="Receiving Sensitivity (dBm)" type="Fixed" default="-80" min="-90" max="-60" help="It should be larger than the noise power." />
                                        <variable key="LINK-NOISE-TEMPERATURE" name="Noise Temperature (K)" type="Integer" default="290" help="The larger noise temperature the higher noise power." />
                                        <variable key="LINK-NOISE-FACTOR" name="Noise Factor" type="Integer" default="4" min="1" help="The larger noise factor the higher noise power." />
                                        <variable key="LINK-TERRAIN-TYPE" name="Terrain Type" type="Selection" default="PLAINS">
                                            <option value="PLAINS" name="Plains" />
                                            <option value="HILLS" name="Hills" />
                                            <option value="MOUNTAINS" name="Mountains" />
                                        </variable>
                                        <variable key="LINK-PROPAGATION-RAIN-INTENSITY" name="Propagation Rain Intensity (mm/h)" type="Fixed" default="0" min="0" max="100" help="Refer to ITU-R.Recommendation P.837-1 to have rain intensity value for desired area." />
                                        <variable key="LINK-PROPAGATION-TEMPERATURE" name="Propagation Temperature (C)" type="Fixed" min="-20" max="50"  default="25" help="In practice it should be in the range -20 to +50 Degrees Centigrade." />
                                        <variable key="LINK-PROPAGATION-SAMPLING-DISTANCE" name="Propagation Sampling Distance (meters)" type="Fixed" min="0" default="100" />
                                        <variable key="LINK-PROPAGATION-CLIMATE" name="Propagation Climate" type="Selection" default="1">
                                            <option value="1" name="Equatorial" />
                                            <option value="2" name="Continental Subtropical" />
                                            <option value="3" name="Maritime Tropical" />
                                            <option value="4" name="Desert" />
                                            <option value="5" name="Continental Temperate" />
                                            <option value="6" name="Maritime Temperate, Over Land" />
                                            <option value="7" name="Maritime Temperate, Over Sea" />
                                        </variable>
                                        <variable key="LINK-PROPAGATION-REFRACTIVITY" name="Propagation Refractivity" type="Selection" default="360">
                                            <option value="360" name="Equatorial" />
                                            <option value="320" name="Continental Subtropical" />
                                            <option value="370" name="Maritime Tropical" />
                                            <option value="280" name="Desert" />
                                            <option value="301" name="Continental Temperate" />
                                            <option value="320" name="Maritime Temperate, Over Land" />
                                            <option value="350" name="Maritime Temperate, Over Sea" />
                                        </variable>
                                        <variable key="LINK-PROPAGATION-PERMITTIVITY" name="Propagation Permittivity" type="Selection" default="15">
                                            <option value="15" name="Average Ground" />
                                            <option value="4" name="Poor Ground" />
                                            <option value="25" name="Good Ground" />
                                            <option value="81" name="Fresh Water" />
                                            <option value="81" name="Salt Water" />
                                        </variable>
                                        <variable key="LINK-PROPAGATION-CONDUCTIVITY" name="Propagation Conductivity" type="Selection" default="0.005">
                                            <option value="0.005" name="Average Ground" />
                                            <option value="0.001" name="Poor Ground" />
                                            <option value="0.02" name="Good Ground" />
                                            <option value="0.01" name="Fresh Water" />
                                            <option value="5.0" name="Salt Water" />
                                        </variable>
                                        <variable key="LINK-PROPAGATION-HUMIDITY" name="Propagation Humidity" type="Selection" default="50">
                                            <option value="50" name="Temperate Summer" />
                                            <option value="80" name="Temperate Winter" />
                                        </variable>
                                        <variable key="LINK-PERCENTAGE-TIME-REFRACTIVITY-GRADIENT-LESS-STANDARD" name="Percentage Time Refractivity Gradient Less Standard" type="Integer" default="15" min="0" max="100" help="Refer to ITU-R Recommendation P.453-6 to have value for desired area." />
                                    </option>
                                </variable>
                            </option>
                            <option name="No" value="NO">
                                <variable name="Link Propagation Speed (m/s)" key="DUMMY-HELP-MESSAGE-4" type="text" default="Configure at both interfaces." disable="true" keyvisible="false"/>
                                <variable name="Bandwidth" key="DUMMY-HELP-MESSAGE-2" type="text" default="Configure at both interfaces." disable="true" keyvisible="false"/>
                                <variable name="Link Header Size (bits)" key="DUMMY-HELP-MESSAGE-3" type="text" default="Configure at both interfaces." disable="true" keyvisible="false"/>
                                <variable name="Configure Microwave Link Properties" key="DUMMY-GUI-CONFIG-LINK-MSG" type="text" default="Configure at both interfaces." disable="true" keyvisible="false"/>
                            </option>
                        </variable>
                        <variable key="LINK-GENERATE-AUTOMATIC-DEFAULT-ROUTE" name="Generate Automatic Default Route" type="Selection" default="YES" optional="true">
                                <option value="YES" name="Yes" />
                                <option value="NO" name="No" />
                        </variable>
                    </option>
                </variable>
                
            </option>
        </variable>
    <subcategory name="Network Protocol">    
        <variable name="Network Protocol" key="NETWORK-PROTOCOL" type="Selection" default="IP" interfaceindex="true">
            <option value="IP" name="IPv4" >
                <variable name="IPv4 Address" key="IP-ADDRESS" type="Dotted decimal" help="" unique="true" keyvisible="false"/>
                <variable name="IPv4 Subnet Mask" key="IP-SUBNET-MASK" type="Dotted decimal" help="" unique="true" keyvisible="false"/>
                <variable name="IP Fragmentation Unit (bytes)" key="IP-FRAGMENTATION-UNIT" type="Integer" default="2048" min="64" max="65535"/>
            </option>
            <option value="IPv6" name="IPv6">
                <variable name="IPv6 Address" key="IPV6-ADDRESS" type="Text" help="" unique="true" keyvisible="false"/>
                <variable name="IPv6 Prefix Length" key="SUBNET-IP-V6-PREFIX-LENGTH" type="Integer" keyvisible="false" default="64" min="0" max="128" disable="true"/>
                <variable name="IP Fragmentation Unit (bytes)" key="IP-FRAGMENTATION-UNIT" type="Integer" default="2048" min="64" max="65535"/>
            </option>
            <option value="DUAL-IP" name="Dual-IP">
                <variable name="IPv4 Address" key="IP-ADDRESS" type="Dotted decimal" help="" unique="true" keyvisible="false"/>
                <variable name="IPv4 Subnet Mask" key="IP-SUBNET-MASK" type="Dotted decimal" help="" unique="true" keyvisible="false"/>
                <variable name="IPv6 Address" key="IPV6-ADDRESS" type="Text" help="" unique="true" keyvisible="false"/>
                <variable name="IPv6 Prefix Length" key="SUBNET-IP-V6-PREFIX-LENGTH" type="Integer" keyvisible="false" default="64" min="0" max="128" disable="true"/>
                <variable name="IP Fragmentation Unit (bytes)" key="IP-FRAGMENTATION-UNIT" type="Integer" default="2048" min="64" max="65535"/>
            </option>
            <option value="GSM-LAYER3" name="GSM Layer3">
                <variable name="GSM Node Configuration File" key="DUMMY-HELP-MSG-P2P-GSM-FILE" type="text" default="Specify GSM Configuration File in Supplemental Files Tab in Scenario Properties Window." keyvisible="false" disable="true"/>
            </option>
            <option value="CELLULAR-LAYER3" name="Cellular Layer3" addon="cellular,umts">
                <variable name="Cellular Layer3 Protocol" key="CELLULAR-LAYER3-PROTOCOL" type="Selection" default="UMTS-LAYER3">
                    <option value="UMTS-LAYER3" name="UMTS Layer 3" addon="umts"/>
                    <option value="ABSTRACT-LAYER3" name="Abstract Cellular Layer3" addon="cellular"/>
                </variable>
            </option>
        </variable>
    <subcategory name = "Fixed Communications">
        <variable name="Packet Drop Probability" key="FIXED-COMMS-DROP-PROBABILITY" type="Fixed" default="0.0" />
        <variable name="Specify Packet Delay" key="DUMMY-FIXED-COMMS-DELAY" type="Selection" default="NO">
            <option value="NO" name="No" />
            <option value="YES" name="Yes">
                <variable name="Packet Delay" key="FIXED-COMMS-DELAY" type="Time" default="0S" />
            </option>
        </variable>
    </subcategory>
    </subcategory>
    <subcategory name="Routing Protocol" refpath="NODE CONFIGURATION+ROUTING PROTOCOL" icon="protocol.gif" />
    <subcategory name="ARP" refpath="NODE CONFIGURATION+ARP" icon="protocol.gif"/>
        <!-- <variable key="SWITCH-STATION-VLAN-ID" type="Integer" name="Station VLAN ID" default="1" min="0" max="4090" />
        <variable key="SWITCH-STATION-VLAN-TAGGING" type="Checkbox" name="Use Station VLAN Tagging" default="NO" /> -->
        <subcategory name="Faults" refpath="NODE CONFIGURATION+NODE FAULTS" icon="faults.gif" /> 
        <subcategory name="Background Traffic">
            <subcategory name="Background Traffic 0">
                <variable key="INTERFACE-ADDRESS" name=" Source Interface Address" type="SelectionDynamic" default="" keyvisible="false" optional="false"/>
                <variable key="START-TIME" name="Start Time Distribution" type="Selection" default="DET" keyvisible="false">
                    <option value="DET" name="Deterministic">
                        <variable name="Start Time" key="FIXED-START-TIME" type="Time" default="0S" keyvisible="false"/>
                   </option>
                   <option value="UNI" name="Uniform">
                    <variable name="Earliest Start Time" key="EARLIEST-START-TIME" type="Time" default="0S" keyvisible="false"/>
                    <variable name="Latest Start Time" key="LATEST-START-TIME" type="Time" default="0S" keyvisible="false"/>
                   </option>
                   <option value="EXP" name="Exponential">
                    <variable name="Mean Start Time" key="MEAN-START-TIME" type="Time" default="0S" keyvisible="false"/>
                   </option>
                </variable>
                <variable key="DURATION" name="Duration Distribution" type="Selection" default="DET" keyvisible="false">
                    <option value="DET" name="Deterministic">
                    <variable name="Duration" key="FIXED-DURATION" type="Time" default="0S" keyvisible="false"/>
                   </option>
                   <option value="UNI" name="Uniform">
                    <variable name="Shortest Duration" key="EARLIEST-DURATION-TIME" type="Time" default="0S" keyvisible="false"/>
                    <variable name="Longest Duration" key="LATEST-DURATION-TIME" type="Time" default="0S" keyvisible="false"/>
                   </option>
                   <option value="EXP" name="Exponential">
                    <variable name="Mean Duration" key="MEAN-DURATION-TIME" type="Time" default="0S" keyvisible="false"/>
                   </option>
                </variable>
                <variable key="UTILIZED-BANDWIDTH" name="Bandwidth Distribution" type="Selection" default="DET" keyvisible="false">
                    <option value="DET" name="Deterministic">
                    <variable name="Bandwidth" key="FIXED-UTILIZED-BANDWIDTH" type="Fixed multiplier" unit="bps" default="0 bps" keyvisible="false"/>
                   </option>
                   <option value="UNI" name="Uniform">
                    <variable name="Minimum Bandwidth" key="EARLIEST-UTILIZED-BANDWIDTH" type="Fixed multiplier" unit="bps" default="0 bps" keyvisible="false"/>
                    <variable name="Maximum Bandwidth" key="LATEST-UTILIZED-BANDWIDTH" type="Fixed multiplier" unit="bps" default="0 bps" keyvisible="false"/>
                   </option>
                   <option value="EXP" name="Exponential">
                    <variable name="Mean Bandwidth" key="MEAN-UTILIZED-BANDWIDTH" type="Fixed multiplier" unit="bps" default="0 bps" keyvisible="false"/>
                   </option>
                </variable>
                <variable name="Priority" key="TOS" type="Selection" default="PRECEDENCE" optional="true">
                   <option value="TOS" name="TOS" help="value (0-255) of the TOS bits in the IP header">
                    <variable name="TOS Bits" key="TOS-BITS" type="Integer" default="0" min="0" max="255" keyvisible="false"/>
                   </option>
                   <option value="DSCP" name="DSCP" help="value (0-63) of the DSCP bits in the IP header">
                    <variable name="DSCP Bits" key="DSCP-BITS" type="Integer" default="0" min="0" max="63" keyvisible="false"/>
                   </option>
                   <option value="PRECEDENCE" name="Precedence" help="value (0-7) of the Precedence bits in the IP header">
                    <variable name="Precedence Bits" key="PRECEDENCE-BITS" type="Integer" default="0" min="0" max="7" keyvisible="false"/>
                   </option>
                  </variable>
            </subcategory>  
        </subcategory>          
        <subcategory name="File Statistics" refpath="NODE CONFIGURATION+STATISTICS" icon="protocol.gif" help="All the statistics are compiled together into a file called &quot;ExperimentName.stat&quot;(where &lt;br&gt;experiment name is specified on the General settings) at the end of the simulation."/>       
 </subcategory>
 </subcategory>
</category>


