<?xml version="1.0" encoding="ISO-8859-1"?>
<category name="NODE CONFIGURATION">
    <subcategory name="ROUTER MODEL" class="device,atmdevice" help="Please provide the Router-Model file, if all the router parameters are not specified manually." addon="multimedia_enterprise">
        <variable name="Type of Router" key="DUMMY-ROUTER-TYPE" type="Selection" default="USER-SPECIFIED" help="Please choose the type of router" >
            <option value="USER-SPECIFIED" name="User Specified"/>
            <option value="PREDEFINED" name="Predefined" >
                <variable name="Router Type" key="ROUTER-MODEL" type="Selection" default="GENERIC" optional="true" help="This parameter specifies the Predefined Router Model." >
                    <option value="GENERIC" name="Generic" />
                    <option value="CISCO-806" name="Cisco 806" />
                    <option value="CISCO-1701" name="Cisco 1701" />
                    <option value="CISCO-1710" name="Cisco 1710" />
                    <option value="CISCO-1711" name="Cisco 1711" />
                    <option value="CISCO-1712" name="Cisco 1712" />
                    <option value="CISCO-1720" name="Cisco 1720" />
                    <option value="CISCO-1721" name="Cisco 1721" />
                    <option value="CISCO-1750" name="Cisco 1750" />
                    <option value="CISCO-1751" name="Cisco 1751" />
                    <option value="CISCO-1760" name="Cisco 1760" />
                    <option value="CISCO-2500" name="Cisco 2500" />
                    <option value="CISCO-2610" name="Cisco 2610" />
                    <option value="CISCO-2611" name="Cisco 2611" />
                    <option value="CISCO-2612" name="Cisco 2612" />
                    <option value="CISCO-2610XM" name="Cisco 2610XM" />
                    <option value="CISCO-2611XM" name="Cisco 2611XM" />
                    <option value="CISCO-2620" name="Cisco 2620" />
                    <option value="CISCO-2621" name="Cisco 2621" />
                    <option value="CISCO-2620XM" name="Cisco 2620XM" />
                    <option value="CISCO-2621XM" name="Cisco 2621XM" />
                    <option value="CISCO-2650" name="Cisco 2650" />
                    <option value="CISCO-2651" name="Cisco 2651" />
                    <option value="CISCO-2650XM" name="Cisco 2650XM" />
                    <option value="CISCO-2651XM" name="Cisco 2651XM" />
                    <option value="CISCO-2691" name="Cisco 2691" />
                    <option value="CISCO-3620" name="Cisco 3620" />
                    <option value="CISCO-3631" name="Cisco 3631" />
                    <option value="CISCO-3640" name="Cisco 3640" />
                    <option value="CISCO-3640A" name="Cisco 3640A" />
                    <option value="CISCO-3660" name="Cisco 3660" />
                    <option value="CISCO-3725" name="Cisco 3725" />
                    <option value="CISCO-7000" name="Cisco 7000" />
                    <option value="CISCO-7000-RP" name="Cisco 7000-RP" />
                    <option value="CISCO-7200" name="Cisco 7200" />
                    <option value="CISCO-7200-NPE100" name="Cisco 7200-NPE100" />
                    <option value="CISCO-7200-NPE150" name="Cisco 7200-NPE150" />
                    <option value="CISCO-7200-NPE175" name="Cisco 7200-NPE175" />
                    <option value="CISCO-7200-NPE200" name="Cisco 7200-NPE200" />
                    <option value="CISCO-7200-NPE225" name="Cisco 7200-NPE225" />
                    <option value="CISCO-7200-NPE400" name="Cisco 7200-NPE400" />
                    <option value="CISCO-7200-NPE-G1" name="Cisco 7200-NPE-G1" />
                    <option value="CISCO-7200-NSE-1" name="Cisco 7200-NSE-1" />
                    <option value="CISCO-7301" name="Cisco 7301" />
                    <option value="CISCO-7304-NSE-100-PXF" name="Cisco 7304-NSE-100-PXF" />
                    <option value="CISCO-7304-NSE-100" name="Cisco 7304-NSE-100" />
                    <option value="CISCO-7304-NPE-G100" name="Cisco 7304-NPE-G100" />
                    <option value="CISCO-7400" name="Cisco 7400" />
                    <option value="CISCO-7600-MSFC2" name="Cisco 7600-MSFC2" />
                    <option value="CISCO-7600-MSFC2-CLASSIC" name="Cisco 7600-MSFC2-CLASSIC" />
                    <option value="CISCO-7600-CEF256" name="Cisco 7600-CEF256" />
                    <option value="CISCO-7600-dCEF256" name="Cisco 7600-dCEF256" />
                    <option value="CISCO-7600-dCEF720" name="Cisco 7600-dCEF720" />
                    <option value="CISCO-7603" name="Cisco 7603" />
                    <option value="CISCO-7606" name="Cisco 7606" />
                    <option value="CISCO-7609" name="Cisco 7609" />
                    <option value="CISCO-12000-Engine0" name="Cisco 12000-Engine0" />
                    <option value="CISCO-12000-Engine1" name="Cisco 12000-Engine1" />
                    <option value="CISCO-12000-Engine2" name="Cisco 12000-Engine2" />
                    <option value="CISCO-12000-Engine3" name="Cisco 12000-Engine3" />
                    <option value="CISCO-12000-Engine4/4+" name="Cisco 12000-Engine4/4+" />
                    <option value="CISCO-12008" name="Cisco 12008" />
                    <option value="CISCO-12012" name="Cisco 12012" />
                    <option value="CISCO-12016" name="Cisco 12016" />
                    <option value="CISCO-12404" name="Cisco 12404" />
                    <option value="CISCO-12406" name="Cisco 12406" />
                    <option value="CISCO-12410" name="Cisco 12410" />
                    <option value="CISCO-12416" name="Cisco 12416" />
                    <option value="JUNIPER-M5" name="Juniper M5" />
                    <option value="JUNIPER-M10" name="Juniper M10" />
                    <option value="JUNIPER-M20" name="Juniper M20" />
                    <option value="JUNIPER-M40" name="Juniper M40" />
                    <option value="JUNIPER-M160" name="Juniper M160" />
                </variable>
            </option>
        </variable>
        <variable name="Specify Router Parameters" key="DUMMY-PARAM" type="Selection" default="NO" help="Select YES to Specify Router Parameters" invisible="WirelessSubnet, WiredSubnet, Satellite">
            <option value="NO" name="No" />
            <option value="YES" name="Yes" >
                <variable name="Router Backplane Type" key="ROUTER-BACKPLANE-TYPE" type="Selection" default="DISTRIBUTED">
                    <option value="CENTRAL" name="Central" />
                    <option value="DISTRIBUTED" name="Distributed" />
                </variable>
                <variable name="Router Backplane Throughput" key="ROUTER-BACKPLANE-THROUGHPUT" type="String" default="UNLIMITED" help="This parameter specifies the Backplane throughput (in bps)" />
                <variable name="Router Performance Variation" key="ROUTER-PERFORMANCE-VARIATION" type="String" default="0" help="This parameter specifies the Performance Variation(in percentage)" />
            </option>
        </variable>
        <variable name="Router Configuration File" key="ROUTER-CONFIG-FILE" type="File" default="[Optional]" filetype="router-config" optional="true" invisible="WirelessSubnet, WiredSubnet, Satellite"/>
    </subcategory>
</category>
