<?xml version="1.0" encoding="ISO-8859-1"?>
<category name="NODE CONFIGURATION">
    <subcategory name="SRW RADIO">
        <subcategory name="User Configuration" addon="ces">
            <variable name="ICMP Filter Range" key="CES-SRW-ENET_DESIGN-IcmpFilterRange" type="Text" default="" />
            <variable name="IP Destination Filter Mask" key="CES-SRW-ENET_DESIGN-IpDstFilterMask" type="Text" default="" />
            <variable name="IP Source Filter Mask" key="CES-SRW-ENET_DESIGN-IpSrcFilterMask" type="Text" default="" />
            <variable name="Multicast Group Mask" key="CES-SRW-ENET_DESIGN-MulticastGroupMask" type="Text" default="" />
            <variable name="Multicast Translation" key="CES-SRW-ENET_DESIGN-MulticastTranslation" type="Text" default="" />
            <variable name="TOS Mapping Mode" key="CES-SRW-ENET_DESIGN-TosMappingMode" type="Selection" default="legacy">
                <option value="legacy" name="legacy" />
                <option value="military" name="military" />
                <option value="dscp" name="dscp" />
            </variable>
            <variable name="Design NTS Designation" key="CES-SRW-BLACK_DSP_DESIGN-designNtsDesignation" type="Integer" default="0" min="0" max="2" />
            <variable name="Design NTS Timeout (seconds)" key="CES-SRW-BLACK_DSP_DESIGN-designNtsTimeout" type="Integer" default="300" min="0" max="300" />
            <variable name="Preset" key="CES-SRW-RADIO-Preset" type="Integer" default="0" min="0" max="99" />
            <variable name="Radio Community Of Interest" key="CES-SRW-RADIO-radioCommunityOfInterest" type="Dotted decimal" default="0.0.0.0" min="0.0.0.0" max="255.255.255.255" />
            <variable name="Radio Default UGS Role" key="CES-SRW-RADIO-radioDefaultUGSRole" type="Selection" default="RECOGNITION">
                <option value="MASTER_C2" name="MASTER_C2" />
                <option value="RECOGNITION" name="RECOGNITION" />
            </variable>
            <variable name="Radio Inter-GW Priority" key="CES-SRW-RADIO-radioInterGWPriority" type="Integer" default="0" min="0" max="3" />
            <variable name="Radio Inter-GW Status" key="CES-SRW-RADIO-radioInterGWStatus" type="Selection" default="NONINTER_GW">
                <option value="DS_DS" name="DS_DS" />
                <option value="NLOS_DS" name="NLOS_DS" />
                <option value="UGS_DS" name="UGS_DS" />
                <option value="DS_BB" name="DS_BB" />
                <option value="NLOS_BB" name="NLOS_BB" />
                <option value="UGS_BB" name="UGS_BB" />
                <option value="NONINTER_GW" name="NONINTER_GW" />
            </variable>
            <!-- CES-SRW-RADIO-radioIpMask is required -->
            <variable name="Radio IP Mask" key="CES-SRW-RADIO-radioIpMask" type="Dotted decimal" min="255.255.192.0" max="255.255.255.252" />
            <!-- CES-SRW-RADIO-radioIpSubnetAddr is required -->
            <variable name="Radio IP Subnet Address" key="CES-SRW-RADIO-radioIpSubnetAddr" type="Dotted decimal" min="0.0.0.0" max="255.255.255.255" />
            <variable name="Radio NLOS Altitude" key="CES-SRW-RADIO-radioNLOSAltitude" type="Integer" default="0" min="0" max="65535"/>
            <variable name="Radio NLOS MMA Role" key="CES-SRW-RADIO-radioNLOSMMARole" type="Selection" default="NOT_MMA">
                <option value="NOT_MMA" name="NOT_MMA" />
                <option value="FIXED_CMMA" name="FIXED_CMMA" />
                <option value="NEVER_CMMA" name="NEVER_CMMA" />
                <option value="UNRESTRICTED_CMMA" name="UNRESTRICTED_CMMA" />
            </variable>           
            <variable name="Radio NLOS Type" key="CES-SRW-RADIO-radioNLOSType" type="Selection" default="PAM">
                <option value="PAM" name="PAM" />
                <option value="LAM" name="LAM" />
                <option value="MMA" name="MMA" />
                <option value="UAV" name="UAV" />
                <option value="GW" name="GW" />
                <option value="GROUND_NODE" name="GROUND_NODE" />
            </variable>
            <!-- CES-SRW-RADIO-radioNodeId is required -->
            <variable name="Radio Node ID" key="CES-SRW-RADIO-radioNodeId" type="Integer" default="" min="1" max="16381" />
            <variable name="Radio Power Type" key="CES-SRW-RADIO-radioPowerType" type="Integer" default="7" min="1" max="8"/>
            <variable name="Radio Radio Type" key="CES-SRW-RADIO-radioRadioType" type="Selection" default="SINGLE">
                <option value="SINGLE" name="SINGLE" />
                <option value="DUAL" name="DUAL" />
            </variable>           
            <variable name="Radio RN Designation" key="CES-SRW-RADIO-radioRNDesignation" type="Integer" default="0" min="0" max="1"/>         
            <!-- CES-SRW-SCENARIO-scenarioDSPLogicalFreqDefine is required -->
            <variable name="Scenario DSP Logical Frequency Definition" key="CES-SRW-SCENARIO-scenarioDSPLogicalFreqDefine" type="Text" default="" />
            <variable name="Scenario DSP Static Call Definition" key="CES-SRW-SCENARIO-scenarioDSPStaticCallDefine" type="Text" default="" />
            <variable name="Scenario Waveform Mode" key="CES-SRW-SCENARIO-scenarioWaveformMode" type="Selection">
                <option value="DS" name="DS">
                    <variable name="Radio T1 Radio Role" key="CES-SRW-RADIO-radioT1RadioRole" type="Selection" default="UNRESTRICTED">
                        <option value="UNRESTRICTED" name="UNRESTRICTED" />
                        <option value="FIXED_IH" name="FIXED_IH" />
                        <option value="NEVER_IH" name="NEVER_IH" />
                        <option value="NOP" name="NOP" />
                    </variable>
                    <variable name="Radio T2 Radio Role" key="CES-SRW-RADIO-radioT2RadioRole" type="Selection" default="UNRESTRICTED">
                        <option value="UNRESTRICTED" name="UNRESTRICTED" />
                        <option value="FIXED_IH" name="FIXED_IH" />
                        <option value="NEVER_IH" name="NEVER_IH" />
                        <option value="NOP" name="NOP" />
                    </variable>
                </option>
                <option value="UGS" name="UGS">
                    <variable name="Radio T1 Radio Role" key="CES-SRW-RADIO-radioT1RadioRole" type="Selection" default="">
                        <option value="UNRESTRICTED" name="UNRESTRICTED" />
                        <option value="FIXED_IH" name="FIXED_IH" />
                        <option value="NEVER_IH" name="NEVER_IH" />
                        <option value="NOP" name="NOP" />
                    </variable>
                    <variable name="Radio T2 Radio Role" key="CES-SRW-RADIO-radioT2RadioRole" type="Selection" default="">
                        <option value="UNRESTRICTED" name="UNRESTRICTED" />
                        <option value="FIXED_IH" name="FIXED_IH" />
                        <option value="NEVER_IH" name="NEVER_IH" />
                        <option value="NOP" name="NOP" />
                    </variable>
                </option>
                <option value="NLOS_LS" name="NLOS_LS">
                    <variable name="Radio T1 Radio Role" key="CES-SRW-RADIO-radioT1RadioRole" type="Selection" default="NEVER_IH">
                        <option value="UNRESTRICTED" name="UNRESTRICTED" />
                        <option value="FIXED_IH" name="FIXED_IH" />
                        <option value="NEVER_IH" name="NEVER_IH" />
                        <option value="NOP" name="NOP" />
                    </variable>
                    <variable name="Radio T2 Radio Role" key="CES-SRW-RADIO-radioT2RadioRole" type="Selection" default="">
                        <option value="UNRESTRICTED" name="UNRESTRICTED" />
                        <option value="FIXED_IH" name="FIXED_IH" />
                        <option value="NEVER_IH" name="NEVER_IH" />
                        <option value="NOP" name="NOP" />
                    </variable>
                </option>
            </variable>
        </subcategory>
        <subcategory name="On-The-Fly (OTF)" addon="ces">
            <variable name="Call Controller Call Group 1 ID" key="CES-SRW-CallController-CALLGROUP1ID" type="Integer" default="0" min="0" max="16381" />
            <variable name="Call Controller Call Group 2 ID" key="CES-SRW-CallController-CALLGROUP2ID" type="Integer" default="0" min="0" max="16381" />
            <variable name="Call Controller Call Group 3 ID" key="CES-SRW-CallController-CALLGROUP3ID" type="Integer" default="0" min="0" max="16381" />
            <variable name="Call Controller Call Group 4 ID" key="CES-SRW-CallController-CALLGROUP4ID" type="Integer" default="0" min="0" max="16381" />
            <variable name="Call Controller Call Group 5 ID" key="CES-SRW-CallController-CALLGROUP5ID" type="Integer" default="0" min="0" max="16381" />
        </subcategory>
        <subcategory name="Miscellaneous" addon="ces">
            <variable name="Maximum Number of PROPs Sent in Node Inquiry" key="CES-SRW-BLACK_DSP_DESIGN-designNumberInquiryPROPs" type="Integer" default="2"/>
            <variable name="CNR First Voice Packet Time" key="CES-SRW-CNR-FIRST-VOICE-PACKET-TIME" type="Time" default="112.5MS"/>
	    <variable name="CNR Voice Packet Interval" key="CES-SRW-CNR-VOICE-PACKET-INTERVAL" type="Time" default="112.5MS"/>
            <variable name="COMSEC Encryption Delay (seconds)" key="CES-SRW-ENET_DESIGN-ComsecEncryptionDelay" type="Fixed" default="0.005"/>
            <variable name="COMSEC Decryption Delay (seconds)" key="CES-SRW-ENET_DESIGN-ComsecDecryptionDelay" type="Fixed" default="0.005"/>
            <variable name="COMSEC Overhead (bytes)" key="CES-SRW-ENET_DESIGN-ComsecOverhead" type="Integer" default="20"/>
            <variable name="FPGA Mode" key="CES-SRW-FPGA-MODE" type="Selection" default="EW-CONFIG">
                <option value="CC-CONFIG" name="CC-CONFIG" />
                <option value="EW-CONFIG" name="EW-CONFIG" />
            </variable>
            <variable name="Engineering Configuration File" key="CES-SRW-ENGINEERING-CONFIG-FILE" type="File" default="[Optional]"/>
        </subcategory>
    </subcategory>
</category>
