<?xml version="1.0" encoding="ISO-8859-1"?>
<category name="NODE CONFIGURATION">
    <subcategory name="STATISTICS">
        <variable name="PHY/Radio" key="PHY-LAYER-STATISTICS" type="TickBox" default="YES" />
        
        <variable name="MAC" key="MAC-LAYER-STATISTICS" type="TickBox" default="YES" />
        <variable name="Access List" key="ACCESS-LIST-STATISTICS" type="TickBox" default="NO" invisible="Interface, PtPLink, WirelessSubnet, WiredSubnet" help="Network Statistics should be on" addon="multimedia_enterprise" />
        <variable name="ARP Statistics" key="ARP-STATISTICS" type="TickBox" default="YES" />

        <variable name="Routing" key="ROUTING-STATISTICS" type="TickBox" default="YES" invisible="Interface, PtPLink, WirelessSubnet, WiredSubnet" />
        <variable name="Policy Routing" key="POLICY-ROUTING-STATISTICS" type="TickBox" default="NO" invisible="Interface, PtPLink, WirelessSubnet, WiredSubnet"/>
        <variable name="QOSPF" key="QOSPF-STATISTICS" type="TickBox" default="NO" addon="multimedia_enterprise" invisible="Interface, PtPLink, WirelessSubnet, WiredSubnet" />
        <variable name="Route Redistribution" key="ROUTE-REDISTRIBUTION-STATISTICS" type="TickBox" default="NO" invisible="Interface, PtPLink, WirelessSubnet, WiredSubnet" />
        <variable name="BGP" key="EXTERIOR-GATEWAY-PROTOCOL-STATISTICS" type="TickBox" default="YES" invisible="Interface, PtPLink, WirelessSubnet, WiredSubnet" addon="multimedia_enterprise" />
        
        <variable name="Network" key="NETWORK-LAYER-STATISTICS" type="TickBox" default="YES" invisible="Interface, PtPLink, WirelessSubnet, WiredSubnet" />
        <variable name="IP Input Queue" key="INPUT-QUEUE-STATISTICS" type="TickBox" default="NO" />
        <variable name="IP Input Scheduler" key="INPUT-SCHEDULER-STATISTICS" type="TickBox" default="NO" />
        <variable name="IP Output Queue" key="QUEUE-STATISTICS" type="TickBox" default="YES" />
        <variable name="IP Output Scheduler" key="SCHEDULER-STATISTICS" type="TickBox" default="NO" />
        <variable name="IP Output Scheduler-graph " key="SCHEDULER-GRAPH-STATISTICS" type="Selection" default="NO">
            <option value="NO" name="No" />
            <option value="YES" name="Yes" >
                <variable name="Sample Interval" key="SAMPLE-INTERVAL" type="Integer" default="0" />
            </option>
        </variable>
        <variable name="DiffServ" key="DIFFSERV-EDGE-ROUTER-STATISTICS" type="TickBox" default="NO" invisible="Interface, PtPLink, WirelessSubnet, WiredSubnet" addon="multimedia_enterprise" />
        <variable name="ICMP" key="ICMP-STATISTICS" type="TickBox" default="NO" invisible="Interface, PtPLink, WirelessSubnet, WiredSubnet" />
        <variable name="ICMP Error Statistics" key="ICMP-ERROR-STATISTICS" type="TickBox" default="NO" invisible="Interface, PtPLink, WirelessSubnet, WiredSubnet" />
        <variable name="IGMP" key="IGMP-STATISTICS" type="TickBox" default="NO" invisible="Interface, PtPLink, WirelessSubnet, WiredSubnet" />
        <variable name="NDP" key="NDP-STATISTICS" type="TickBox" default="NO" invisible="Interface, PtPLink, WirelessSubnet, WiredSubnet" />
        <variable name="Mobile IP" key="MOBILE-IP-STATISTICS" type="Tickbox" default="NO" invisible="Interface, PtPLink, WirelessSubnet, WiredSubnet" />
        
        <variable name="TCP" key="TCP-STATISTICS" type="TickBox" default="YES" invisible="Interface, PtPLink, WirelessSubnet, WiredSubnet" />
        <variable name="UDP" key="UDP-STATISTICS" type="TickBox" default="YES" invisible="Interface, PtPLink, WirelessSubnet, WiredSubnet"/>
        
        <variable name="MDP" key="MDP-STATISTICS" type="TickBox" default="NO" invisible="Interface, PtPLink, WirelessSubnet, WiredSubnet"/>
        <variable name="RSVP" key="RSVP-STATISTICS" type="TickBox" default="NO" addon="multimedia_enterprise" invisible="Interface, PtPLink, WirelessSubnet, WiredSubnet" />
        <variable name="RTP" key="RTP-STATISTICS" type="TickBox" default="NO" invisible="Interface, PtPLink, WirelessSubnet, WiredSubnet"/>

        <variable name="Application" key="APPLICATION-STATISTICS" type="TickBox" default="YES" invisible="Interface, PtPLink, WirelessSubnet, WiredSubnet" />
        
        <variable name="Battery Model" key="BATTERY-MODEL-STATISTICS" type="TickBox" default="NO" invisible="Interface, PtPLink, WirelessSubnet, WiredSubnet" />
        <variable name="Radio Energy Model" key="ENERGY-MODEL-STATISTICS" type="TickBox" default="YES" />
        
        <variable key="CELLULAR-STATISTICS" type="TickBox" name="Cellular" default="YES" addon="cellular" invisible="Interface, PtPLink, WirelessSubnet, WiredSubnet" />
        <variable key="GSM-STATISTICS" type="TickBox" name="GSM" default="NO" addon="cellular" invisible="Interface, PtPLink, WirelessSubnet, WiredSubnet" />
        
        <variable name="VoIP Signalling" key="VOIP-SIGNALLING-STATISTICS" type="TickBox" default="NO" invisible="Interface, PtPLink, WirelessSubnet, WiredSubnet" />
        
        <variable key="SWITCH-PORT-STATISTICS" type="TickBox" name="Switch Port" default="NO" />
        <variable key="SWITCH-SCHEDULER-STATISTICS" type="TickBox" name="Switch Schedular" default="NO" />
        <variable key="SWITCH-QUEUE-STATISTICS" type="TickBox" name="Switch Queue" default="NO" />
        
        <variable name="MPLS" key="MPLS-STATISTICS" type="TickBox" default="NO" addon="multimedia_enterprise" />
        <variable name="MPLS LDP" key="MPLS-LDP-STATISTICS" type="TickBox" default="NO" addon="multimedia_enterprise" invisible="Interface, PtPLink, WirelessSubnet, WiredSubnet" />
        
        <variable name="Host" key="HOST-STATISTICS" type="TickBox" default="NO" invisible="Interface, PtPLink, WirelessSubnet, WiredSubnet" />
        <variable name="Link 11" key="LINK-11-STATISTICS" type="TickBox" default="NO" addon="military" />
        <variable name="Link 16" key="LINK-16-STATISTICS" type="TickBox" default="NO" addon="military" />
        <variable name="Link 16/IP Gateway" key="LINK-16-GATEWAY-STATISTICS" type="TickBox" default="NO" invisible="device" addon="military" />
        <variable name="Jammer Statistics" key="JAMMER-STATISTICS" type="TickBox" default="NO" addon="cyber" />
    </subcategory>
</category>
