<?xml version="1.0" encoding="ISO-8859-1"?>
<category name="NODE CONFIGURATION">
   <subcategory name="Supplemental Files">
       <variable name="Antenna Models File" key="ANTENNA-MODEL-CONFIG-FILE" type="File" default="[Optional]" filetype="antenna-models" invisible="device,interface" addon="wireless"/>
       <!--<variable name="Antenna Model File" key="ANTENNA-MODEL-TABLE" type="AntennaModelTable" default="Load" addon="wireless" visibilityrequires = "false" optional="true"/>-->
       <variable name="Application Configuration File" key="APP-CONFIG-FILE" type="File" default="[Optional]" help="Used to setup applications such as FTP and Telnet.  Will be added to any applications configured manually." filetype="app" />
       <variable name="Human in the Loop Configuration File" key="HITL-CONFIG-FILE" type="File" default="[Optional]" help="Configuration file that specifies the Human-in-the-loop command and the time when that command is to be sent to the ssimulator." filetype="hitl" />
       <variable name="MDP Profile File" key="MDP-PROFILE-FILE" type="File" default="[Optional]" help="Used to define and configure different MDP profiles." filetype="mdp" />
       <variable name="Router Models File" key="ROUTER-MODEL-CONFIG-FILE" type="File" default="[Optional]" filetype="router-models" invisible="Device" help="Please provide the Router-Model file, if all the router parameters are not specified manually." />            
       <variable name="Link16/IP Gateway Configuration File" key="LINK-16-GATEWAY-FORWARD-CONFIG-FILE" type="FILE" default="[Optional]" filetype="link16-gateway" invisible="device,interface" addon="military"/>
       <variable name="GSM Node Configuration File" key="GSM-NODE-CONFIG-FILE" type="File" filetype="gsm" default="[Optional]" addon="cellular" help="The GSM node configuration file defines the special layer 3 GSM properties of MS/BS/MSC. It must be specified to use GSM model"/>
       <variable name="Number of User Profile Files" key="DUMMY-USER-PROFILE-FILE-NUMBER" default="0" addon="cellular" type="Array">
           <variable name="User Profile File" key="USER-PROFILE-FILE" type="File" default="[Optional]" optional="true" help="Specifies the files which contain one or more user profiles." format="List"/>
       </variable>
       <variable name="Number of Traffic Pattern Files" key="DUMMY-TRAFFIC-PATTERN-FILE-NUMBER" default="0" addon="cellular" type="Array">
           <variable name="Traffic Pattern File" key="TRAFFIC-PATTERN-FILE" type="File" default="[Optional]" optional="true" help="Specifies the files which contain one or more traffic pattern." format="List"/>
       </variable>
       <variable name="Number of Arbitrary Distribution Files" key="DUMMY-ARBITRARY-DISTRIBUTION-FILE-NUMBER" default="0" addon="cellular" type="Array">
           <variable name="Arbitrary Distribution File" key="ARBITRARY-DISTRIBUTION-FILE" type="File" default="[Optional]" optional="true" help="Specifies files which contain the custom arbitrary distributions to be used in this scenario." format="List"/>
       </variable>
       <variable name="Multicast Group File" key="MULTICAST-GROUP-FILE" type="FILE" default="[Optional]" filetype="member" invisible="device,interface"/>
       <variable name="BGP Config File" key="BGP-CONFIG-FILE" type="FILE" default="[Optional]" filetype="bgp" invisible="device,interface"/>
  </subcategory>   
</category>
