<trace_file>

<head>
<version>QualNet5.2</version>
<scenario>trace-aodv-ipv6-cbr</scenario>
<comments>none</comments>
</head>

<body>

<protocol_map>71 IPv6</protocol_map>
<protocol_map>141 ICMPV6</protocol_map>
<protocol_map>34 AODV</protocol_map>
<protocol_map>1 TCP</protocol_map>
<protocol_map>2 UDP</protocol_map>
<protocol_map>4 CBR</protocol_map>

<rec>
<rechdr> 1 3 1.000000000 34 1 34 <action> 1 0</action></rechdr>
<recbody>
<aodv><rreq>1 0 0 1 0 0 0 0 2000::3 0 2000::1 1</rreq></aodv>
</recbody>
</rec>

<rec>
<rechdr> 1 3 1.001365817 34 2 34 <action> 2 0</action></rechdr>
<recbody>
<aodv><rreq>1 0 0 1 0 0 0 0 2000::3 0 2000::1 1</rreq></aodv>
</recbody>
</rec>

<rec>
<rechdr> 1 3 1.001365817 34 2 34 <action> 3 4</action></rechdr>
<recbody>
<aodv><rreq>1 0 0 1 0 0 0 0 2000::3 0 2000::1 1</rreq></aodv>
</recbody>
</rec>

<rec>
<rechdr> 1 4 1.080000000 34 1 34 <action> 1 0</action></rechdr>
<recbody>
<aodv><rreq>1 0 0 1 0 0 0 1 2000::3 0 2000::1 1</rreq></aodv>
</recbody>
</rec>

<rec>
<rechdr> 1 4 1.081085817 34 2 34 <action> 2 0</action></rechdr>
<recbody>
<aodv><rreq>1 0 0 1 0 0 0 1 2000::3 0 2000::1 1</rreq></aodv>
</recbody>
</rec>

<rec>
<rechdr> 2 2 1.081085817 34 2 34 <action> 1 0</action></rechdr>
<recbody>
<aodv><rreq>1 0 0 1 0 0 1 1 2000::3 0 2000::1 1</rreq></aodv>
</recbody>
</rec>

<rec>
<rechdr> 2 2 1.081952602 34 3 34 <action> 2 0</action></rechdr>
<recbody>
<aodv><rreq>1 0 0 1 0 0 1 1 2000::3 0 2000::1 1</rreq></aodv>
</recbody>
</rec>

<rec>
<rechdr> 3 2 1.081952602 34 3 34 <action> 1 0</action></rechdr>
<recbody>
<aodv><rrep>2 0 0 0 0 0 2000::3 0 2000::1 0.000006000</rrep></aodv>
</recbody>
</rec>

<rec>
<rechdr> 2 2 1.081952634 34 1 34 <action> 2 0</action></rechdr>
<recbody>
<aodv><rreq>1 0 0 1 0 0 1 1 2000::3 0 2000::1 1</rreq></aodv>
</recbody>
</rec>

<rec>
<rechdr> 2 2 1.081952634 34 1 34 <action> 3 9</action></rechdr>
<recbody>
<aodv><rreq>1 0 0 1 0 0 1 1 2000::3 0 2000::1 1</rreq></aodv>
</recbody>
</rec>

<rec>
<rechdr> 3 2 1.083544957 34 2 34 <action> 2 0</action></rechdr>
<recbody>
<aodv><rrep>2 0 0 0 0 0 2000::3 0 2000::1 0.000006000</rrep></aodv>
</recbody>
</rec>

<rec>
<rechdr> 2 5 1.083544957 34 2 34 <action> 1 0</action></rechdr>
<recbody>
<aodv><rrep>2 0 0 0 0 1 2000::3 0 2000::1 0.000006000</rrep></aodv>
</recbody>
</rec>

<rec>
<rechdr> 2 5 1.085535409 34 1 34 <action> 2 0</action></rechdr>
<recbody>
<aodv><rrep>2 0 0 0 0 1 2000::3 0 2000::1 0.000006000</rrep></aodv>
</recbody>
</rec>

</body>

</trace_file>
