<trace_file>

<head>
<version>QualNet5.2</version>
<scenario>trace-ripng-cbr</scenario>
<comments>none</comments>
</head>

<body>

<protocol_map>71 IPv6</protocol_map>
<protocol_map>141 ICMPV6</protocol_map>
<protocol_map>1 TCP</protocol_map>
<protocol_map>2 UDP</protocol_map>
<protocol_map>4 CBR</protocol_map>
<protocol_map>80 RIPNG</protocol_map>

<rec>
<rechdr> 2 0 0.056210493 80 2 80 <action> 1 0</action></rechdr>
<recbody>
<ripng>2 1 0<rteVer>fe80::1 0 0 255</rteVer><rteVer>2000::1:0:0:0:0 0 64 1</rteVer></ripng>
</recbody>
</rec>

<rec>
<rechdr> 2 1 0.056210493 80 2 80 <action> 1 0</action></rechdr>
<recbody>
<ripng>2 1 0<rteVer>fe80::2 0 0 255</rteVer><rteVer>2000:0::0 0 64 1</rteVer></ripng>
</recbody>
</rec>

<rec>
<rechdr> 2 0 0.057307493 80 1 80 <action> 2 0</action></rechdr>
<recbody>
<ripng>2 1 0<rteVer>fe80::1 0 0 255</rteVer><rteVer>2000::1:0:0:0:0 0 64 1</rteVer></ripng>
</recbody>
</rec>

<rec>
<rechdr> 2 1 0.057307493 80 3 80 <action> 2 0</action></rechdr>
<recbody>
<ripng>2 1 0<rteVer>fe80::2 0 0 255</rteVer><rteVer>2000:0::0 0 64 1</rteVer></ripng>
</recbody>
</rec>

<rec>
<rechdr> 3 0 0.091752777 80 3 80 <action> 1 0</action></rechdr>
<recbody>
<ripng>2 1 0<rteVer>fe80::1 0 0 255</rteVer><rteVer>2000::2:0:0:0:0 0 64 1</rteVer></ripng>
</recbody>
</rec>

<rec>
<rechdr> 3 1 0.091752777 80 3 80 <action> 1 0</action></rechdr>
<recbody>
<ripng>2 1 0<rteVer>fe80::1 0 0 255</rteVer><rteVer>2000:0::0 0 64 2</rteVer><rteVer>fe80::2 0 0 255</rteVer><rteVer>2000::1:0:0:0:0 0 64 1</rteVer></ripng>
</recbody>
</rec>

<rec>
<rechdr> 3 0 0.092849777 80 2 80 <action> 2 0</action></rechdr>
<recbody>
<ripng>2 1 0<rteVer>fe80::1 0 0 255</rteVer><rteVer>2000::2:0:0:0:0 0 64 1</rteVer></ripng>
</recbody>
</rec>

<rec>
<rechdr> 3 1 0.092881777 80 4 80 <action> 2 0</action></rechdr>
<recbody>
<ripng>2 1 0<rteVer>fe80::1 0 0 255</rteVer><rteVer>2000:0::0 0 64 2</rteVer><rteVer>fe80::2 0 0 255</rteVer><rteVer>2000::1:0:0:0:0 0 64 1</rteVer></ripng>
</recbody>
</rec>

<rec>
<rechdr> 2 8 4.683710910 80 2 80 <action> 1 0</action></rechdr>
<recbody>
<ripng>2 1 0<rteVer>fe80::2 0 0 255</rteVer><rteVer>2000::2:0:0:0:0 0 64 2</rteVer></ripng>
</recbody>
</rec>

<rec>
<rechdr> 2 8 4.684807910 80 1 80 <action> 2 0</action></rechdr>
<recbody>
<ripng>2 1 0<rteVer>fe80::2 0 0 255</rteVer><rteVer>2000::2:0:0:0:0 0 64 2</rteVer></ripng>
</recbody>
</rec>

<rec>
<rechdr> 2 13 28.440340894 80 2 80 <action> 1 0</action></rechdr>
<recbody>
<ripng>2 1 0<rteVer>fe80::1 0 0 255</rteVer><rteVer>2000::1:0:0:0:0 0 64 1</rteVer><rteVer>fe80::2 0 0 255</rteVer><rteVer>2000::2:0:0:0:0 0 64 2</rteVer></ripng>
</recbody>
</rec>

<rec>
<rechdr> 2 14 28.440340894 80 2 80 <action> 1 0</action></rechdr>
<recbody>
<ripng>2 1 0<rteVer>fe80::2 0 0 255</rteVer><rteVer>2000:0::0 0 64 1</rteVer></ripng>
</recbody>
</rec>

<rec>
<rechdr> 2 14 28.441437894 80 3 80 <action> 2 0</action></rechdr>
<recbody>
<ripng>2 1 0<rteVer>fe80::2 0 0 255</rteVer><rteVer>2000:0::0 0 64 1</rteVer></ripng>
</recbody>
</rec>

<rec>
<rechdr> 2 13 28.441469894 80 1 80 <action> 2 0</action></rechdr>
<recbody>
<ripng>2 1 0<rteVer>fe80::1 0 0 255</rteVer><rteVer>2000::1:0:0:0:0 0 64 1</rteVer><rteVer>fe80::2 0 0 255</rteVer><rteVer>2000::2:0:0:0:0 0 64 2</rteVer></ripng>
</recbody>
</rec>

<rec>
<rechdr> 3 12 28.546900202 80 3 80 <action> 1 0</action></rechdr>
<recbody>
<ripng>2 1 0<rteVer>fe80::1 0 0 255</rteVer><rteVer>2000::2:0:0:0:0 0 64 1</rteVer></ripng>
</recbody>
</rec>

<rec>
<rechdr> 3 13 28.546900202 80 3 80 <action> 1 0</action></rechdr>
<recbody>
<ripng>2 1 0<rteVer>fe80::1 0 0 255</rteVer><rteVer>2000:0::0 0 64 2</rteVer><rteVer>fe80::2 0 0 255</rteVer><rteVer>2000::1:0:0:0:0 0 64 1</rteVer></ripng>
</recbody>
</rec>

<rec>
<rechdr> 3 12 28.547997202 80 2 80 <action> 2 0</action></rechdr>
<recbody>
<ripng>2 1 0<rteVer>fe80::1 0 0 255</rteVer><rteVer>2000::2:0:0:0:0 0 64 1</rteVer></ripng>
</recbody>
</rec>

<rec>
<rechdr> 3 13 28.548029202 80 4 80 <action> 2 0</action></rechdr>
<recbody>
<ripng>2 1 0<rteVer>fe80::1 0 0 255</rteVer><rteVer>2000:0::0 0 64 2</rteVer><rteVer>fe80::2 0 0 255</rteVer><rteVer>2000::1:0:0:0:0 0 64 1</rteVer></ripng>
</recbody>
</rec>

<rec>
<rechdr> 2 17 57.480351498 80 2 80 <action> 1 0</action></rechdr>
<recbody>
<ripng>2 1 0<rteVer>fe80::1 0 0 255</rteVer><rteVer>2000::1:0:0:0:0 0 64 1</rteVer><rteVer>fe80::2 0 0 255</rteVer><rteVer>2000::2:0:0:0:0 0 64 2</rteVer></ripng>
</recbody>
</rec>

<rec>
<rechdr> 2 18 57.480351498 80 2 80 <action> 1 0</action></rechdr>
<recbody>
<ripng>2 1 0<rteVer>fe80::2 0 0 255</rteVer><rteVer>2000:0::0 0 64 1</rteVer></ripng>
</recbody>
</rec>

<rec>
<rechdr> 2 18 57.481448498 80 3 80 <action> 2 0</action></rechdr>
<recbody>
<ripng>2 1 0<rteVer>fe80::2 0 0 255</rteVer><rteVer>2000:0::0 0 64 1</rteVer></ripng>
</recbody>
</rec>

<rec>
<rechdr> 2 17 57.481480498 80 1 80 <action> 2 0</action></rechdr>
<recbody>
<ripng>2 1 0<rteVer>fe80::1 0 0 255</rteVer><rteVer>2000::1:0:0:0:0 0 64 1</rteVer><rteVer>fe80::2 0 0 255</rteVer><rteVer>2000::2:0:0:0:0 0 64 2</rteVer></ripng>
</recbody>
</rec>

<rec>
<rechdr> 3 15 57.878038486 80 3 80 <action> 1 0</action></rechdr>
<recbody>
<ripng>2 1 0<rteVer>fe80::1 0 0 255</rteVer><rteVer>2000::2:0:0:0:0 0 64 1</rteVer></ripng>
</recbody>
</rec>

<rec>
<rechdr> 3 16 57.878038486 80 3 80 <action> 1 0</action></rechdr>
<recbody>
<ripng>2 1 0<rteVer>fe80::1 0 0 255</rteVer><rteVer>2000:0::0 0 64 2</rteVer><rteVer>fe80::2 0 0 255</rteVer><rteVer>2000::1:0:0:0:0 0 64 1</rteVer></ripng>
</recbody>
</rec>

<rec>
<rechdr> 3 15 57.879135486 80 2 80 <action> 2 0</action></rechdr>
<recbody>
<ripng>2 1 0<rteVer>fe80::1 0 0 255</rteVer><rteVer>2000::2:0:0:0:0 0 64 1</rteVer></ripng>
</recbody>
</rec>

<rec>
<rechdr> 3 16 57.879167486 80 4 80 <action> 2 0</action></rechdr>
<recbody>
<ripng>2 1 0<rteVer>fe80::1 0 0 255</rteVer><rteVer>2000:0::0 0 64 2</rteVer><rteVer>fe80::2 0 0 255</rteVer><rteVer>2000::1:0:0:0:0 0 64 1</rteVer></ripng>
</recbody>
</rec>

<rec>
<rechdr> 2 21 86.110454727 80 2 80 <action> 1 0</action></rechdr>
<recbody>
<ripng>2 1 0<rteVer>fe80::1 0 0 255</rteVer><rteVer>2000::1:0:0:0:0 0 64 1</rteVer><rteVer>fe80::2 0 0 255</rteVer><rteVer>2000::2:0:0:0:0 0 64 2</rteVer></ripng>
</recbody>
</rec>

<rec>
<rechdr> 2 22 86.110454727 80 2 80 <action> 1 0</action></rechdr>
<recbody>
<ripng>2 1 0<rteVer>fe80::2 0 0 255</rteVer><rteVer>2000:0::0 0 64 1</rteVer></ripng>
</recbody>
</rec>

<rec>
<rechdr> 2 22 86.111551727 80 3 80 <action> 2 0</action></rechdr>
<recbody>
<ripng>2 1 0<rteVer>fe80::2 0 0 255</rteVer><rteVer>2000:0::0 0 64 1</rteVer></ripng>
</recbody>
</rec>

<rec>
<rechdr> 2 21 86.111583727 80 1 80 <action> 2 0</action></rechdr>
<recbody>
<ripng>2 1 0<rteVer>fe80::1 0 0 255</rteVer><rteVer>2000::1:0:0:0:0 0 64 1</rteVer><rteVer>fe80::2 0 0 255</rteVer><rteVer>2000::2:0:0:0:0 0 64 2</rteVer></ripng>
</recbody>
</rec>

<rec>
<rechdr> 3 19 86.526098999 80 3 80 <action> 1 0</action></rechdr>
<recbody>
<ripng>2 1 0<rteVer>fe80::1 0 0 255</rteVer><rteVer>2000::2:0:0:0:0 0 64 1</rteVer></ripng>
</recbody>
</rec>

<rec>
<rechdr> 3 20 86.526098999 80 3 80 <action> 1 0</action></rechdr>
<recbody>
<ripng>2 1 0<rteVer>fe80::1 0 0 255</rteVer><rteVer>2000:0::0 0 64 2</rteVer><rteVer>fe80::2 0 0 255</rteVer><rteVer>2000::1:0:0:0:0 0 64 1</rteVer></ripng>
</recbody>
</rec>

<rec>
<rechdr> 3 19 86.527195999 80 2 80 <action> 2 0</action></rechdr>
<recbody>
<ripng>2 1 0<rteVer>fe80::1 0 0 255</rteVer><rteVer>2000::2:0:0:0:0 0 64 1</rteVer></ripng>
</recbody>
</rec>

<rec>
<rechdr> 3 20 86.527227999 80 4 80 <action> 2 0</action></rechdr>
<recbody>
<ripng>2 1 0<rteVer>fe80::1 0 0 255</rteVer><rteVer>2000:0::0 0 64 2</rteVer><rteVer>fe80::2 0 0 255</rteVer><rteVer>2000::1:0:0:0:0 0 64 1</rteVer></ripng>
</recbody>
</rec>

</body>

</trace_file>
